This is XeTeX, Version 3.141592653-2.6-0.999996 (TeX Live 2024) (preloaded format=xelatex 2024.3.30)  4 APR 2024 00:36
entering extended mode
 restricted \write18 enabled.
 %&-line parsing enabled.
**QuranAnalytics.tex
(./QuranAnalytics.tex
LaTeX2e <2023-11-01> patch level 1
L3 programming layer <2024-03-14>
(c:/Users/Maximilius/AppData/Roaming/TinyTeX/texmf-dist/tex/latex/base/article.cls
Document Class: article 2023/05/17 v1.4n Standard LaTeX document class
(c:/Users/Maximilius/AppData/Roaming/TinyTeX/texmf-dist/tex/latex/base/size10.clo
File: size10.clo 2023/05/17 v1.4n Standard LaTeX file (size option)
)
\c@part=\count184
\c@section=\count185
\c@subsection=\count186
\c@subsubsection=\count187
\c@paragraph=\count188
\c@subparagraph=\count189
\c@figure=\count190
\c@table=\count191
\abovecaptionskip=\skip48
\belowcaptionskip=\skip49
\bibindent=\dimen140
) (c:/Users/Maximilius/AppData/Roaming/TinyTeX/texmf-dist/tex/latex/amsmath/amsmath.sty
Package: amsmath 2023/05/13 v2.17o AMS math features
\@mathmargin=\skip50
For additional information on amsmath, use the `?' option.
(c:/Users/Maximilius/AppData/Roaming/TinyTeX/texmf-dist/tex/latex/amsmath/amstext.sty
Package: amstext 2021/08/26 v2.01 AMS text
(c:/Users/Maximilius/AppData/Roaming/TinyTeX/texmf-dist/tex/latex/amsmath/amsgen.sty
File: amsgen.sty 1999/11/30 v2.0 generic functions
\@emptytoks=\toks17
\ex@=\dimen141
)) (c:/Users/Maximilius/AppData/Roaming/TinyTeX/texmf-dist/tex/latex/amsmath/amsbsy.sty
Package: amsbsy 1999/11/29 v1.2d Bold Symbols
\pmbraise@=\dimen142
) (c:/Users/Maximilius/AppData/Roaming/TinyTeX/texmf-dist/tex/latex/amsmath/amsopn.sty
Package: amsopn 2022/04/08 v2.04 operator names
)
\inf@bad=\count192
LaTeX Info: Redefining \frac on input line 234.
\uproot@=\count193
\leftroot@=\count194
LaTeX Info: Redefining \overline on input line 399.
LaTeX Info: Redefining \colon on input line 410.
\classnum@=\count195
\DOTSCASE@=\count196
LaTeX Info: Redefining \ldots on input line 496.
LaTeX Info: Redefining \dots on input line 499.
LaTeX Info: Redefining \cdots on input line 620.
\Mathstrutbox@=\box51
\strutbox@=\box52
LaTeX Info: Redefining \big on input line 722.
LaTeX Info: Redefining \Big on input line 723.
LaTeX Info: Redefining \bigg on input line 724.
LaTeX Info: Redefining \Bigg on input line 725.
\big@size=\dimen143
LaTeX Font Info:    Redeclaring font encoding OML on input line 743.
LaTeX Font Info:    Redeclaring font encoding OMS on input line 744.
\macc@depth=\count197
LaTeX Info: Redefining \bmod on input line 905.
LaTeX Info: Redefining \pmod on input line 910.
LaTeX Info: Redefining \smash on input line 940.
LaTeX Info: Redefining \relbar on input line 970.
LaTeX Info: Redefining \Relbar on input line 971.
\c@MaxMatrixCols=\count198
\dotsspace@=\muskip16
\c@parentequation=\count199
\dspbrk@lvl=\count266
\tag@help=\toks18
\row@=\count267
\column@=\count268
\maxfields@=\count269
\andhelp@=\toks19
\eqnshift@=\dimen144
\alignsep@=\dimen145
\tagshift@=\dimen146
\tagwidth@=\dimen147
\totwidth@=\dimen148
\lineht@=\dimen149
\@envbody=\toks20
\multlinegap=\skip51
\multlinetaggap=\skip52
\mathdisplay@stack=\toks21
LaTeX Info: Redefining \[ on input line 2953.
LaTeX Info: Redefining \] on input line 2954.
) (c:/Users/Maximilius/AppData/Roaming/TinyTeX/texmf-dist/tex/latex/amsfonts/amssymb.sty
Package: amssymb 2013/01/14 v3.01 AMS font symbols
(c:/Users/Maximilius/AppData/Roaming/TinyTeX/texmf-dist/tex/latex/amsfonts/amsfonts.sty
Package: amsfonts 2013/01/14 v3.01 Basic AMSFonts support
\symAMSa=\mathgroup4
\symAMSb=\mathgroup5
LaTeX Font Info:    Redeclaring math symbol \hbar on input line 98.
LaTeX Font Info:    Overwriting math alphabet `\mathfrak' in version `bold'
(Font)                  U/euf/m/n --> U/euf/b/n on input line 106.
)) (c:/Users/Maximilius/AppData/Roaming/TinyTeX/texmf-dist/tex/generic/iftex/iftex.sty
Package: iftex 2022/02/03 v1.0f TeX engine tests
) (c:/Users/Maximilius/AppData/Roaming/TinyTeX/texmf-dist/tex/latex/unicode-math/unicode-math.sty (c:/Users/Maximilius/AppData/Roaming/TinyTeX/texmf-dist/tex/latex/l3kernel/expl3.sty
Package: expl3 2024-03-14 L3 programming layer (loader) 
(c:/Users/Maximilius/AppData/Roaming/TinyTeX/texmf-dist/tex/latex/l3backend/l3backend-xetex.def
File: l3backend-xetex.def 2024-03-14 L3 backend support: XeTeX
\g__graphics_track_int=\count270
\l__pdf_internal_box=\box53
\g__pdf_backend_object_int=\count271
\g__pdf_backend_annotation_int=\count272
\g__pdf_backend_link_int=\count273
))
Package: unicode-math 2023/08/13 v0.8r Unicode maths in XeLaTeX and LuaLaTeX
(c:/Users/Maximilius/AppData/Roaming/TinyTeX/texmf-dist/tex/latex/unicode-math/unicode-math-xetex.sty
Package: unicode-math-xetex 2023/08/13 v0.8r Unicode maths in XeLaTeX and LuaLaTeX
(c:/Users/Maximilius/AppData/Roaming/TinyTeX/texmf-dist/tex/latex/l3packages/xparse/xparse.sty
Package: xparse 2024-03-14 L3 Experimental document command parser
) (c:/Users/Maximilius/AppData/Roaming/TinyTeX/texmf-dist/tex/latex/l3packages/l3keys2e/l3keys2e.sty
Package: l3keys2e 2024-03-14 LaTeX2e option processing using LaTeX3 keys
) (c:/Users/Maximilius/AppData/Roaming/TinyTeX/texmf-dist/tex/latex/fontspec/fontspec.sty
Package: fontspec 2024/02/13 v2.9a Font selection for XeLaTeX and LuaLaTeX
(c:/Users/Maximilius/AppData/Roaming/TinyTeX/texmf-dist/tex/latex/fontspec/fontspec-xetex.sty
Package: fontspec-xetex 2024/02/13 v2.9a Font selection for XeLaTeX and LuaLaTeX
\l__fontspec_script_int=\count274
\l__fontspec_language_int=\count275
\l__fontspec_strnum_int=\count276
\l__fontspec_tmp_int=\count277
\l__fontspec_tmpa_int=\count278
\l__fontspec_tmpb_int=\count279
\l__fontspec_tmpc_int=\count280
\l__fontspec_em_int=\count281
\l__fontspec_emdef_int=\count282
\l__fontspec_strong_int=\count283
\l__fontspec_strongdef_int=\count284
\l__fontspec_tmpa_dim=\dimen150
\l__fontspec_tmpb_dim=\dimen151
\l__fontspec_tmpc_dim=\dimen152
(c:/Users/Maximilius/AppData/Roaming/TinyTeX/texmf-dist/tex/latex/base/fontenc.sty
Package: fontenc 2021/04/29 v2.0v Standard LaTeX package
) (c:/Users/Maximilius/AppData/Roaming/TinyTeX/texmf-dist/tex/latex/fontspec/fontspec.cfg))) (c:/Users/Maximilius/AppData/Roaming/TinyTeX/texmf-dist/tex/latex/base/fix-cm.sty
Package: fix-cm 2020/11/24 v1.1t fixes to LaTeX
(c:/Users/Maximilius/AppData/Roaming/TinyTeX/texmf-dist/tex/latex/base/ts1enc.def
File: ts1enc.def 2001/06/05 v3.0e (jk/car/fm) Standard LaTeX file
LaTeX Font Info:    Redeclaring font encoding TS1 on input line 47.
))
\g__um_fam_int=\count285
\g__um_fonts_used_int=\count286
\l__um_primecount_int=\count287
\g__um_primekern_muskip=\muskip17
(c:/Users/Maximilius/AppData/Roaming/TinyTeX/texmf-dist/tex/latex/unicode-math/unicode-math-table.tex))) (c:/Users/Maximilius/AppData/Roaming/TinyTeX/texmf-dist/tex/latex/lm/lmodern.sty
Package: lmodern 2015/05/01 v1.6.1 Latin Modern Fonts
LaTeX Font Info:    Overwriting symbol font `operators' in version `normal'
(Font)                  OT1/cmr/m/n --> OT1/lmr/m/n on input line 22.
LaTeX Font Info:    Overwriting symbol font `letters' in version `normal'
(Font)                  OML/cmm/m/it --> OML/lmm/m/it on input line 23.
LaTeX Font Info:    Overwriting symbol font `symbols' in version `normal'
(Font)                  OMS/cmsy/m/n --> OMS/lmsy/m/n on input line 24.
LaTeX Font Info:    Overwriting symbol font `largesymbols' in version `normal'
(Font)                  OMX/cmex/m/n --> OMX/lmex/m/n on input line 25.
LaTeX Font Info:    Overwriting symbol font `operators' in version `bold'
(Font)                  OT1/cmr/bx/n --> OT1/lmr/bx/n on input line 26.
LaTeX Font Info:    Overwriting symbol font `letters' in version `bold'
(Font)                  OML/cmm/b/it --> OML/lmm/b/it on input line 27.
LaTeX Font Info:    Overwriting symbol font `symbols' in version `bold'
(Font)                  OMS/cmsy/b/n --> OMS/lmsy/b/n on input line 28.
LaTeX Font Info:    Overwriting symbol font `largesymbols' in version `bold'
(Font)                  OMX/cmex/m/n --> OMX/lmex/m/n on input line 29.
LaTeX Font Info:    Overwriting math alphabet `\mathbf' in version `normal'
(Font)                  OT1/cmr/bx/n --> OT1/lmr/bx/n on input line 31.
LaTeX Font Info:    Overwriting math alphabet `\mathsf' in version `normal'
(Font)                  OT1/cmss/m/n --> OT1/lmss/m/n on input line 32.
LaTeX Font Info:    Overwriting math alphabet `\mathit' in version `normal'
(Font)                  OT1/cmr/m/it --> OT1/lmr/m/it on input line 33.
LaTeX Font Info:    Overwriting math alphabet `\mathtt' in version `normal'
(Font)                  OT1/cmtt/m/n --> OT1/lmtt/m/n on input line 34.
LaTeX Font Info:    Overwriting math alphabet `\mathbf' in version `bold'
(Font)                  OT1/cmr/bx/n --> OT1/lmr/bx/n on input line 35.
LaTeX Font Info:    Overwriting math alphabet `\mathsf' in version `bold'
(Font)                  OT1/cmss/bx/n --> OT1/lmss/bx/n on input line 36.
LaTeX Font Info:    Overwriting math alphabet `\mathit' in version `bold'
(Font)                  OT1/cmr/bx/it --> OT1/lmr/bx/it on input line 37.
LaTeX Font Info:    Overwriting math alphabet `\mathtt' in version `bold'
(Font)                  OT1/cmtt/m/n --> OT1/lmtt/m/n on input line 38.
) (c:/Users/Maximilius/AppData/Roaming/TinyTeX/texmf-dist/tex/latex/xcolor/xcolor.sty
Package: xcolor 2023/11/15 v3.01 LaTeX color extensions (UK)
(c:/Users/Maximilius/AppData/Roaming/TinyTeX/texmf-dist/tex/latex/graphics-cfg/color.cfg
File: color.cfg 2016/01/02 v1.6 sample color configuration
)
Package xcolor Info: Driver file: xetex.def on input line 274.
(c:/Users/Maximilius/AppData/Roaming/TinyTeX/texmf-dist/tex/latex/graphics-def/xetex.def
File: xetex.def 2022/09/22 v5.0n Graphics/color driver for xetex
) (c:/Users/Maximilius/AppData/Roaming/TinyTeX/texmf-dist/tex/latex/graphics/mathcolor.ltx)
Package xcolor Info: Model `cmy' substituted by `cmy0' on input line 1350.
Package xcolor Info: Model `RGB' extended on input line 1366.
Package xcolor Info: Model `HTML' substituted by `rgb' on input line 1368.
Package xcolor Info: Model `Hsb' substituted by `hsb' on input line 1369.
Package xcolor Info: Model `tHsb' substituted by `hsb' on input line 1370.
Package xcolor Info: Model `HSB' substituted by `hsb' on input line 1371.
Package xcolor Info: Model `Gray' substituted by `gray' on input line 1372.
Package xcolor Info: Model `wave' substituted by `hsb' on input line 1373.
) (c:/Users/Maximilius/AppData/Roaming/TinyTeX/texmf-dist/tex/latex/geometry/geometry.sty
Package: geometry 2020/01/02 v5.9 Page Geometry
(c:/Users/Maximilius/AppData/Roaming/TinyTeX/texmf-dist/tex/latex/graphics/keyval.sty
Package: keyval 2022/05/29 v1.15 key=value parser (DPC)
\KV@toks@=\toks22
) (c:/Users/Maximilius/AppData/Roaming/TinyTeX/texmf-dist/tex/generic/iftex/ifvtex.sty
Package: ifvtex 2019/10/25 v1.7 ifvtex legacy package. Use iftex instead.
)
\Gm@cnth=\count288
\Gm@cntv=\count289
\c@Gm@tempcnt=\count290
\Gm@bindingoffset=\dimen153
\Gm@wd@mp=\dimen154
\Gm@odd@mp=\dimen155
\Gm@even@mp=\dimen156
\Gm@layoutwidth=\dimen157
\Gm@layoutheight=\dimen158
\Gm@layouthoffset=\dimen159
\Gm@layoutvoffset=\dimen160
\Gm@dimlist=\toks23
) (c:/Users/Maximilius/AppData/Roaming/TinyTeX/texmf-dist/tex/latex/fancyvrb/fancyvrb.sty
Package: fancyvrb 2024/01/20 4.5c verbatim text (tvz,hv)
\FV@CodeLineNo=\count291
\FV@InFile=\read2
\FV@TabBox=\box54
\c@FancyVerbLine=\count292
\FV@StepNumber=\count293
\FV@OutFile=\write3
) (c:/Users/Maximilius/AppData/Roaming/TinyTeX/texmf-dist/tex/latex/framed/framed.sty
Package: framed 2011/10/22 v 0.96: framed or shaded text with page breaks
\OuterFrameSep=\skip53
\fb@frw=\dimen161
\fb@frh=\dimen162
\FrameRule=\dimen163
\FrameSep=\dimen164
) (c:/Users/Maximilius/AppData/Roaming/TinyTeX/texmf-dist/tex/latex/tools/longtable.sty
Package: longtable 2023-11-01 v4.19 Multi-page Table package (DPC)
\LTleft=\skip54
\LTright=\skip55
\LTpre=\skip56
\LTpost=\skip57
\LTchunksize=\count294
\LTcapwidth=\dimen165
\LT@head=\box55
\LT@firsthead=\box56
\LT@foot=\box57
\LT@lastfoot=\box58
\LT@gbox=\box59
\LT@cols=\count295
\LT@rows=\count296
\c@LT@tables=\count297
\c@LT@chunks=\count298
\LT@p@ftn=\toks24
) (c:/Users/Maximilius/AppData/Roaming/TinyTeX/texmf-dist/tex/latex/booktabs/booktabs.sty
Package: booktabs 2020/01/12 v1.61803398 Publication quality tables
\heavyrulewidth=\dimen166
\lightrulewidth=\dimen167
\cmidrulewidth=\dimen168
\belowrulesep=\dimen169
\belowbottomsep=\dimen170
\aboverulesep=\dimen171
\abovetopsep=\dimen172
\cmidrulesep=\dimen173
\cmidrulekern=\dimen174
\defaultaddspace=\dimen175
\@cmidla=\count299
\@cmidlb=\count300
\@aboverulesep=\dimen176
\@belowrulesep=\dimen177
\@thisruleclass=\count301
\@lastruleclass=\count302
\@thisrulewidth=\dimen178
) (c:/Users/Maximilius/AppData/Roaming/TinyTeX/texmf-dist/tex/latex/tools/array.sty
Package: array 2023/10/16 v2.5g Tabular extension package (FMi)
\col@sep=\dimen179
\ar@mcellbox=\box60
\extrarowheight=\dimen180
\NC@list=\toks25
\extratabsurround=\skip58
\backup@length=\skip59
\ar@cellbox=\box61
) (c:/Users/Maximilius/AppData/Roaming/TinyTeX/texmf-dist/tex/latex/tools/calc.sty
Package: calc 2023/07/08 v4.3 Infix arithmetic (KKT,FJ)
\calc@Acount=\count303
\calc@Bcount=\count304
\calc@Adimen=\dimen181
\calc@Bdimen=\dimen182
\calc@Askip=\skip60
\calc@Bskip=\skip61
LaTeX Info: Redefining \setlength on input line 80.
LaTeX Info: Redefining \addtolength on input line 81.
\calc@Ccount=\count305
\calc@Cskip=\skip62
) (c:/Users/Maximilius/AppData/Roaming/TinyTeX/texmf-dist/tex/latex/etoolbox/etoolbox.sty
Package: etoolbox 2020/10/05 v2.5k e-TeX tools for LaTeX (JAW)
\etb@tempcnta=\count306
) (c:/Users/Maximilius/AppData/Roaming/TinyTeX/texmf-dist/tex/latex/mdwtools/footnote.sty
Package: footnote 1997/01/28 1.13 Save footnotes around boxes
\fn@notes=\box62
\fn@width=\dimen183
) (c:/Users/Maximilius/AppData/Roaming/TinyTeX/texmf-dist/tex/latex/graphics/graphicx.sty
Package: graphicx 2021/09/16 v1.2d Enhanced LaTeX Graphics (DPC,SPQR)
(c:/Users/Maximilius/AppData/Roaming/TinyTeX/texmf-dist/tex/latex/graphics/graphics.sty
Package: graphics 2022/03/10 v1.4e Standard LaTeX Graphics (DPC,SPQR)
(c:/Users/Maximilius/AppData/Roaming/TinyTeX/texmf-dist/tex/latex/graphics/trig.sty
Package: trig 2021/08/11 v1.11 sin cos tan (DPC)
) (c:/Users/Maximilius/AppData/Roaming/TinyTeX/texmf-dist/tex/latex/graphics-cfg/graphics.cfg
File: graphics.cfg 2016/06/04 v1.11 sample graphics configuration
)
Package graphics Info: Driver file: xetex.def on input line 107.
)
\Gin@req@height=\dimen184
\Gin@req@width=\dimen185
) (c:/Users/Maximilius/AppData/Roaming/TinyTeX/texmf-dist/tex/latex/natbib/natbib.sty
Package: natbib 2010/09/13 8.31b (PWD, AO)
\bibhang=\skip63
\bibsep=\skip64
LaTeX Info: Redefining \cite on input line 694.
\c@NAT@ctr=\count307
) (c:/Users/Maximilius/AppData/Roaming/TinyTeX/texmf-dist/tex/latex/bookmark/bookmark.sty
Package: bookmark 2023-12-10 v1.31 PDF bookmarks (HO)
(c:/Users/Maximilius/AppData/Roaming/TinyTeX/texmf-dist/tex/latex/hyperref/hyperref.sty
Package: hyperref 2024-01-20 v7.01h Hypertext links for LaTeX
(c:/Users/Maximilius/AppData/Roaming/TinyTeX/texmf-dist/tex/latex/kvsetkeys/kvsetkeys.sty
Package: kvsetkeys 2022-10-05 v1.19 Key value parser (HO)
) (c:/Users/Maximilius/AppData/Roaming/TinyTeX/texmf-dist/tex/generic/kvdefinekeys/kvdefinekeys.sty
Package: kvdefinekeys 2019-12-19 v1.6 Define keys (HO)
) (c:/Users/Maximilius/AppData/Roaming/TinyTeX/texmf-dist/tex/generic/pdfescape/pdfescape.sty
Package: pdfescape 2019/12/09 v1.15 Implements pdfTeX's escape features (HO)
(c:/Users/Maximilius/AppData/Roaming/TinyTeX/texmf-dist/tex/generic/ltxcmds/ltxcmds.sty
Package: ltxcmds 2023-12-04 v1.26 LaTeX kernel commands for general use (HO)
) (c:/Users/Maximilius/AppData/Roaming/TinyTeX/texmf-dist/tex/generic/pdftexcmds/pdftexcmds.sty
Package: pdftexcmds 2020-06-27 v0.33 Utility functions of pdfTeX for LuaTeX (HO)
(c:/Users/Maximilius/AppData/Roaming/TinyTeX/texmf-dist/tex/generic/infwarerr/infwarerr.sty
Package: infwarerr 2019/12/03 v1.5 Providing info/warning/error messages (HO)
)
Package pdftexcmds Info: \pdf@primitive is available.
Package pdftexcmds Info: \pdf@ifprimitive is available.
Package pdftexcmds Info: \pdfdraftmode not found.
)) (c:/Users/Maximilius/AppData/Roaming/TinyTeX/texmf-dist/tex/latex/hycolor/hycolor.sty
Package: hycolor 2020-01-27 v1.10 Color options for hyperref/bookmark (HO)
) (c:/Users/Maximilius/AppData/Roaming/TinyTeX/texmf-dist/tex/latex/auxhook/auxhook.sty
Package: auxhook 2019-12-17 v1.6 Hooks for auxiliary files (HO)
) (c:/Users/Maximilius/AppData/Roaming/TinyTeX/texmf-dist/tex/latex/hyperref/nameref.sty
Package: nameref 2023-11-26 v2.56 Cross-referencing by name of section
(c:/Users/Maximilius/AppData/Roaming/TinyTeX/texmf-dist/tex/latex/refcount/refcount.sty
Package: refcount 2019/12/15 v3.6 Data extraction from label references (HO)
) (c:/Users/Maximilius/AppData/Roaming/TinyTeX/texmf-dist/tex/generic/gettitlestring/gettitlestring.sty
Package: gettitlestring 2019/12/15 v1.6 Cleanup title references (HO)
(c:/Users/Maximilius/AppData/Roaming/TinyTeX/texmf-dist/tex/latex/kvoptions/kvoptions.sty
Package: kvoptions 2022-06-15 v3.15 Key value format for package options (HO)
))
\c@section@level=\count308
)
\@linkdim=\dimen186
\Hy@linkcounter=\count309
\Hy@pagecounter=\count310
(c:/Users/Maximilius/AppData/Roaming/TinyTeX/texmf-dist/tex/latex/hyperref/pd1enc.def
File: pd1enc.def 2024-01-20 v7.01h Hyperref: PDFDocEncoding definition (HO)
) (c:/Users/Maximilius/AppData/Roaming/TinyTeX/texmf-dist/tex/generic/intcalc/intcalc.sty
Package: intcalc 2019/12/15 v1.3 Expandable calculations with integers (HO)
)
\Hy@SavedSpaceFactor=\count311
(c:/Users/Maximilius/AppData/Roaming/TinyTeX/texmf-dist/tex/latex/hyperref/puenc.def
File: puenc.def 2024-01-20 v7.01h Hyperref: PDF Unicode definition (HO)
)
Package hyperref Info: Option `unicode' set `true' on input line 4062.
Package hyperref Info: Hyper figures OFF on input line 4179.
Package hyperref Info: Link nesting OFF on input line 4184.
Package hyperref Info: Hyper index ON on input line 4187.
Package hyperref Info: Plain pages OFF on input line 4194.
Package hyperref Info: Backreferencing OFF on input line 4199.
Package hyperref Info: Implicit mode ON; LaTeX internals redefined.
Package hyperref Info: Bookmarks ON on input line 4446.
\c@Hy@tempcnt=\count312
(c:/Users/Maximilius/AppData/Roaming/TinyTeX/texmf-dist/tex/latex/url/url.sty
\Urlmuskip=\muskip18
Package: url 2013/09/16  ver 3.4  Verb mode for urls, etc.
)
LaTeX Info: Redefining \url on input line 4784.
\XeTeXLinkMargin=\dimen187
(c:/Users/Maximilius/AppData/Roaming/TinyTeX/texmf-dist/tex/generic/bitset/bitset.sty
Package: bitset 2019/12/09 v1.3 Handle bit-vector datatype (HO)
(c:/Users/Maximilius/AppData/Roaming/TinyTeX/texmf-dist/tex/generic/bigintcalc/bigintcalc.sty
Package: bigintcalc 2019/12/15 v1.5 Expandable calculations on big integers (HO)
))
\Fld@menulength=\count313
\Field@Width=\dimen188
\Fld@charsize=\dimen189
Package hyperref Info: Hyper figures OFF on input line 6063.
Package hyperref Info: Link nesting OFF on input line 6068.
Package hyperref Info: Hyper index ON on input line 6071.
Package hyperref Info: backreferencing OFF on input line 6078.
Package hyperref Info: Link coloring OFF on input line 6083.
Package hyperref Info: Link coloring with OCG OFF on input line 6088.
Package hyperref Info: PDF/A mode OFF on input line 6093.
(c:/Users/Maximilius/AppData/Roaming/TinyTeX/texmf-dist/tex/latex/base/atbegshi-ltx.sty
Package: atbegshi-ltx 2021/01/10 v1.0c Emulation of the original atbegshi
package with kernel methods
)
\Hy@abspage=\count314
\c@Item=\count315
\c@Hfootnote=\count316
)
Package hyperref Info: Driver (autodetected): hxetex.
(c:/Users/Maximilius/AppData/Roaming/TinyTeX/texmf-dist/tex/latex/hyperref/hxetex.def
File: hxetex.def 2024-01-20 v7.01h Hyperref driver for XeTeX
(c:/Users/Maximilius/AppData/Roaming/TinyTeX/texmf-dist/tex/generic/stringenc/stringenc.sty
Package: stringenc 2019/11/29 v1.12 Convert strings between diff. encodings (HO)
)
\pdfm@box=\box63
\c@Hy@AnnotLevel=\count317
\HyField@AnnotCount=\count318
\Fld@listcount=\count319
\c@bookmark@seq@number=\count320
(c:/Users/Maximilius/AppData/Roaming/TinyTeX/texmf-dist/tex/latex/rerunfilecheck/rerunfilecheck.sty
Package: rerunfilecheck 2022-07-10 v1.10 Rerun checks for auxiliary files (HO)
(c:/Users/Maximilius/AppData/Roaming/TinyTeX/texmf-dist/tex/latex/base/atveryend-ltx.sty
Package: atveryend-ltx 2020/08/19 v1.0a Emulation of the original atveryend package
with kernel methods
) (c:/Users/Maximilius/AppData/Roaming/TinyTeX/texmf-dist/tex/generic/uniquecounter/uniquecounter.sty
Package: uniquecounter 2019/12/15 v1.4 Provide unlimited unique counter (HO)
)
Package uniquecounter Info: New unique counter `rerunfilecheck' on input line 285.
)
\Hy@SectionHShift=\skip65
) (c:/Users/Maximilius/AppData/Roaming/TinyTeX/texmf-dist/tex/latex/bookmark/bkm-dvipdfm.def
File: bkm-dvipdfm.def 2023-12-10 v1.31 bookmark driver for dvipdfm (HO)
\BKM@id=\count321
)) (./QuranAnalytics.aux)
\openout1 = `QuranAnalytics.aux'.

LaTeX Font Info:    Checking defaults for OML/cmm/m/it on input line 132.
LaTeX Font Info:    ... okay on input line 132.
LaTeX Font Info:    Checking defaults for OMS/cmsy/m/n on input line 132.
LaTeX Font Info:    ... okay on input line 132.
LaTeX Font Info:    Checking defaults for OT1/cmr/m/n on input line 132.
LaTeX Font Info:    ... okay on input line 132.
LaTeX Font Info:    Checking defaults for T1/cmr/m/n on input line 132.
LaTeX Font Info:    ... okay on input line 132.
LaTeX Font Info:    Checking defaults for TS1/cmr/m/n on input line 132.
LaTeX Font Info:    ... okay on input line 132.
LaTeX Font Info:    Checking defaults for TU/lmr/m/n on input line 132.
LaTeX Font Info:    ... okay on input line 132.
LaTeX Font Info:    Checking defaults for OMX/cmex/m/n on input line 132.
LaTeX Font Info:    ... okay on input line 132.
LaTeX Font Info:    Checking defaults for U/cmr/m/n on input line 132.
LaTeX Font Info:    ... okay on input line 132.
LaTeX Font Info:    Checking defaults for PD1/pdf/m/n on input line 132.
LaTeX Font Info:    ... okay on input line 132.
LaTeX Font Info:    Checking defaults for PU/pdf/m/n on input line 132.
LaTeX Font Info:    ... okay on input line 132.
LaTeX Font Info:    Overwriting math alphabet `\mathrm' in version `normal'
(Font)                  OT1/lmr/m/n --> TU/lmr/m/n on input line 132.
LaTeX Font Info:    Overwriting math alphabet `\mathit' in version `normal'
(Font)                  OT1/lmr/m/it --> TU/lmr/m/it on input line 132.
LaTeX Font Info:    Overwriting math alphabet `\mathbf' in version `normal'
(Font)                  OT1/lmr/bx/n --> TU/lmr/bx/n on input line 132.
LaTeX Font Info:    Overwriting math alphabet `\mathsf' in version `normal'
(Font)                  OT1/lmss/m/n --> TU/lmss/m/n on input line 132.
LaTeX Font Info:    Overwriting math alphabet `\mathsf' in version `bold'
(Font)                  OT1/lmss/bx/n --> TU/lmss/bx/n on input line 132.
LaTeX Font Info:    Overwriting math alphabet `\mathtt' in version `normal'
(Font)                  OT1/lmtt/m/n --> TU/lmtt/m/n on input line 132.
LaTeX Font Info:    Overwriting math alphabet `\mathtt' in version `bold'
(Font)                  OT1/lmtt/m/n --> TU/lmtt/bx/n on input line 132.

Package fontspec Info: latinmodern-math scale = 0.9999964596882403.


Package fontspec Info: latinmodern-math scale = 0.9999964596882403.


Package fontspec Info: latinmodern-math scale = 0.9999964596882403.


Package fontspec Info: Font family 'latinmodern-math.otf(0)' created for font
(fontspec)             'latinmodern-math.otf' with options
(fontspec)             [Scale=MatchLowercase,BoldItalicFont={},ItalicFont={},SmallCapsFont={},Script=Math,BoldFont={latinmodern-math.otf}].
(fontspec)              
(fontspec)              This font family consists of the following NFSS
(fontspec)             series/shapes:
(fontspec)              
(fontspec)             - 'normal' (m/n) with NFSS spec.:
(fontspec)             <->s*[0.9999964596882403]"[latinmodern-math.otf]/OT:script=math;language=dflt;"
(fontspec)             - 'small caps'  (m/sc) with NFSS spec.: 
(fontspec)             - 'bold' (b/n) with NFSS spec.:
(fontspec)             <->s*[0.9999964596882403]"[latinmodern-math.otf]/OT:script=math;language=dflt;"
(fontspec)             - 'bold small caps'  (b/sc) with NFSS spec.: 

LaTeX Font Info:    Font shape `TU/latinmodern-math.otf(0)/m/n' will be
(Font)              scaled to size 10.0pt on input line 132.

Package fontspec Info: latinmodern-math scale = 0.9999964596882403.


Package fontspec Info: latinmodern-math scale = 0.9999964596882403.


Package fontspec Info: latinmodern-math scale = 0.9999964596882403.


Package fontspec Info: latinmodern-math scale = 0.9999964596882403.


Package fontspec Info: latinmodern-math scale = 0.9999964596882403.


Package fontspec Info: Font family 'latinmodern-math.otf(1)' created for font
(fontspec)             'latinmodern-math.otf' with options
(fontspec)             [Scale=MatchLowercase,BoldItalicFont={},ItalicFont={},SmallCapsFont={},Script=Math,SizeFeatures={{Size=8.5-},{Size=6-8.5,Font=latinmodern-math.otf,Style=MathScript},{Size=-6,Font=latinmodern-math.otf,Style=MathScriptScript}},BoldFont={latinmodern-math.otf}].
(fontspec)              
(fontspec)              This font family consists of the following NFSS
(fontspec)             series/shapes:
(fontspec)              
(fontspec)             - 'normal' (m/n) with NFSS spec.:
(fontspec)             <8.5->s*[0.9999964596882403]"[latinmodern-math.otf]/OT:script=math;language=dflt;"<6-8.5>s*[0.9999964596882403]"[latinmodern-math.otf]/OT:script=math;language=dflt;+ssty=0;"<-6>s*[0.9999964596882403]"[latinmodern-math.otf]/OT:script=math;language=dflt;+ssty=1;"
(fontspec)             - 'small caps'  (m/sc) with NFSS spec.: 
(fontspec)             - 'bold' (b/n) with NFSS spec.:
(fontspec)             <->s*[0.9999964596882403]"[latinmodern-math.otf]/OT:script=math;language=dflt;"
(fontspec)             - 'bold small caps'  (b/sc) with NFSS spec.: 

LaTeX Font Info:    Font shape `TU/latinmodern-math.otf(1)/m/n' will be
(Font)              scaled to size 10.0pt on input line 132.
LaTeX Font Info:    Encoding `OT1' has changed to `TU' for symbol font
(Font)              `operators' in the math version `normal' on input line 132.
LaTeX Font Info:    Overwriting symbol font `operators' in version `normal'
(Font)                  OT1/lmr/m/n --> TU/latinmodern-math.otf(1)/m/n on input line 132.
LaTeX Font Info:    Encoding `OT1' has changed to `TU' for symbol font
(Font)              `operators' in the math version `bold' on input line 132.
LaTeX Font Info:    Overwriting symbol font `operators' in version `bold'
(Font)                  OT1/lmr/bx/n --> TU/latinmodern-math.otf(1)/b/n on input line 132.

Package fontspec Info: latinmodern-math scale = 0.9999964596882403.


Package fontspec Info: latinmodern-math scale = 1.000096459334209.


Package fontspec Info: latinmodern-math scale = 0.9999964596882403.


Package fontspec Info: latinmodern-math scale = 1.000096459334209.


Package fontspec Info: latinmodern-math scale = 0.9999964596882403.


Package fontspec Info: latinmodern-math scale = 1.000096459334209.


Package fontspec Info: latinmodern-math scale = 0.9999964596882403.


Package fontspec Info: latinmodern-math scale = 1.000096459334209.


Package fontspec Info: latinmodern-math scale = 0.9999964596882403.


Package fontspec Info: latinmodern-math scale = 1.000096459334209.


Package fontspec Info: Font family 'latinmodern-math.otf(2)' created for font
(fontspec)             'latinmodern-math.otf' with options
(fontspec)             [Scale=MatchLowercase,BoldItalicFont={},ItalicFont={},SmallCapsFont={},Script=Math,SizeFeatures={{Size=8.5-},{Size=6-8.5,Font=latinmodern-math.otf,Style=MathScript},{Size=-6,Font=latinmodern-math.otf,Style=MathScriptScript}},BoldFont={latinmodern-math.otf},ScaleAgain=1.0001,FontAdjustment={\fontdimen
(fontspec)             8\font =6.77pt\relax \fontdimen 9\font =3.94pt\relax
(fontspec)             \fontdimen 10\font =4.44pt\relax \fontdimen 11\font
(fontspec)             =6.86pt\relax \fontdimen 12\font =3.45pt\relax
(fontspec)             \fontdimen 13\font =3.63pt\relax \fontdimen 14\font
(fontspec)             =3.63pt\relax \fontdimen 15\font =2.89pt\relax
(fontspec)             \fontdimen 16\font =2.47pt\relax \fontdimen 17\font
(fontspec)             =2.47pt\relax \fontdimen 18\font =2.5pt\relax
(fontspec)             \fontdimen 19\font =2.0pt\relax \fontdimen 22\font
(fontspec)             =2.5pt\relax \fontdimen 20\font =0pt\relax \fontdimen
(fontspec)             21\font =0pt\relax }].
(fontspec)              
(fontspec)              This font family consists of the following NFSS
(fontspec)             series/shapes:
(fontspec)              
(fontspec)             - 'normal' (m/n) with NFSS spec.:
(fontspec)             <8.5->s*[1.000096459334209]"[latinmodern-math.otf]/OT:script=math;language=dflt;"<6-8.5>s*[1.000096459334209]"[latinmodern-math.otf]/OT:script=math;language=dflt;+ssty=0;"<-6>s*[1.000096459334209]"[latinmodern-math.otf]/OT:script=math;language=dflt;+ssty=1;"
(fontspec)             - 'small caps'  (m/sc) with NFSS spec.: 
(fontspec)             and font adjustment code:
(fontspec)             \fontdimen 8\font =6.77pt\relax \fontdimen 9\font
(fontspec)             =3.94pt\relax \fontdimen 10\font =4.44pt\relax
(fontspec)             \fontdimen 11\font =6.86pt\relax \fontdimen 12\font
(fontspec)             =3.45pt\relax \fontdimen 13\font =3.63pt\relax
(fontspec)             \fontdimen 14\font =3.63pt\relax \fontdimen 15\font
(fontspec)             =2.89pt\relax \fontdimen 16\font =2.47pt\relax
(fontspec)             \fontdimen 17\font =2.47pt\relax \fontdimen 18\font
(fontspec)             =2.5pt\relax \fontdimen 19\font =2.0pt\relax \fontdimen
(fontspec)             22\font =2.5pt\relax \fontdimen 20\font =0pt\relax
(fontspec)             \fontdimen 21\font =0pt\relax 
(fontspec)             - 'bold' (b/n) with NFSS spec.:
(fontspec)             <->s*[1.000096459334209]"[latinmodern-math.otf]/OT:script=math;language=dflt;"
(fontspec)             - 'bold small caps'  (b/sc) with NFSS spec.: 
(fontspec)             and font adjustment code:
(fontspec)             \fontdimen 8\font =6.77pt\relax \fontdimen 9\font
(fontspec)             =3.94pt\relax \fontdimen 10\font =4.44pt\relax
(fontspec)             \fontdimen 11\font =6.86pt\relax \fontdimen 12\font
(fontspec)             =3.45pt\relax \fontdimen 13\font =3.63pt\relax
(fontspec)             \fontdimen 14\font =3.63pt\relax \fontdimen 15\font
(fontspec)             =2.89pt\relax \fontdimen 16\font =2.47pt\relax
(fontspec)             \fontdimen 17\font =2.47pt\relax \fontdimen 18\font
(fontspec)             =2.5pt\relax \fontdimen 19\font =2.0pt\relax \fontdimen
(fontspec)             22\font =2.5pt\relax \fontdimen 20\font =0pt\relax
(fontspec)             \fontdimen 21\font =0pt\relax 

LaTeX Font Info:    Encoding `OMS' has changed to `TU' for symbol font
(Font)              `symbols' in the math version `normal' on input line 132.
LaTeX Font Info:    Overwriting symbol font `symbols' in version `normal'
(Font)                  OMS/lmsy/m/n --> TU/latinmodern-math.otf(2)/m/n on input line 132.
LaTeX Font Info:    Encoding `OMS' has changed to `TU' for symbol font
(Font)              `symbols' in the math version `bold' on input line 132.
LaTeX Font Info:    Overwriting symbol font `symbols' in version `bold'
(Font)                  OMS/lmsy/b/n --> TU/latinmodern-math.otf(2)/b/n on input line 132.

Package fontspec Info: latinmodern-math scale = 0.9999964596882403.


Package fontspec Info: latinmodern-math scale = 0.9998964600422715.


Package fontspec Info: latinmodern-math scale = 0.9999964596882403.


Package fontspec Info: latinmodern-math scale = 0.9998964600422715.


Package fontspec Info: latinmodern-math scale = 0.9999964596882403.


Package fontspec Info: latinmodern-math scale = 0.9998964600422715.


Package fontspec Info: latinmodern-math scale = 0.9999964596882403.


Package fontspec Info: latinmodern-math scale = 0.9998964600422715.


Package fontspec Info: latinmodern-math scale = 0.9999964596882403.


Package fontspec Info: latinmodern-math scale = 0.9998964600422715.


Package fontspec Info: Font family 'latinmodern-math.otf(3)' created for font
(fontspec)             'latinmodern-math.otf' with options
(fontspec)             [Scale=MatchLowercase,BoldItalicFont={},ItalicFont={},SmallCapsFont={},Script=Math,SizeFeatures={{Size=8.5-},{Size=6-8.5,Font=latinmodern-math.otf,Style=MathScript},{Size=-6,Font=latinmodern-math.otf,Style=MathScriptScript}},BoldFont={latinmodern-math.otf},ScaleAgain=0.9999,FontAdjustment={\fontdimen
(fontspec)             8\font =0.4pt\relax \fontdimen 9\font =2.0pt\relax
(fontspec)             \fontdimen 10\font =1.67pt\relax \fontdimen 11\font
(fontspec)             =1.11pt\relax \fontdimen 12\font =6.0pt\relax
(fontspec)             \fontdimen 13\font =0pt\relax }].
(fontspec)              
(fontspec)              This font family consists of the following NFSS
(fontspec)             series/shapes:
(fontspec)              
(fontspec)             - 'normal' (m/n) with NFSS spec.:
(fontspec)             <8.5->s*[0.9998964600422715]"[latinmodern-math.otf]/OT:script=math;language=dflt;"<6-8.5>s*[0.9998964600422715]"[latinmodern-math.otf]/OT:script=math;language=dflt;+ssty=0;"<-6>s*[0.9998964600422715]"[latinmodern-math.otf]/OT:script=math;language=dflt;+ssty=1;"
(fontspec)             - 'small caps'  (m/sc) with NFSS spec.: 
(fontspec)             and font adjustment code:
(fontspec)             \fontdimen 8\font =0.4pt\relax \fontdimen 9\font
(fontspec)             =2.0pt\relax \fontdimen 10\font =1.67pt\relax
(fontspec)             \fontdimen 11\font =1.11pt\relax \fontdimen 12\font
(fontspec)             =6.0pt\relax \fontdimen 13\font =0pt\relax 
(fontspec)             - 'bold' (b/n) with NFSS spec.:
(fontspec)             <->s*[0.9998964600422715]"[latinmodern-math.otf]/OT:script=math;language=dflt;"
(fontspec)             - 'bold small caps'  (b/sc) with NFSS spec.: 
(fontspec)             and font adjustment code:
(fontspec)             \fontdimen 8\font =0.4pt\relax \fontdimen 9\font
(fontspec)             =2.0pt\relax \fontdimen 10\font =1.67pt\relax
(fontspec)             \fontdimen 11\font =1.11pt\relax \fontdimen 12\font
(fontspec)             =6.0pt\relax \fontdimen 13\font =0pt\relax 

LaTeX Font Info:    Encoding `OMX' has changed to `TU' for symbol font
(Font)              `largesymbols' in the math version `normal' on input line 132.
LaTeX Font Info:    Overwriting symbol font `largesymbols' in version `normal'
(Font)                  OMX/lmex/m/n --> TU/latinmodern-math.otf(3)/m/n on input line 132.
LaTeX Font Info:    Encoding `OMX' has changed to `TU' for symbol font
(Font)              `largesymbols' in the math version `bold' on input line 132.
LaTeX Font Info:    Overwriting symbol font `largesymbols' in version `bold'
(Font)                  OMX/lmex/m/n --> TU/latinmodern-math.otf(3)/b/n on input line 132.
*geometry* driver: auto-detecting
*geometry* detected driver: xetex
*geometry* verbose mode - [ preamble ] result:
* driver: xetex
* paper: <default>
* layout: <same size as paper>
* layoutoffset:(h,v)=(0.0pt,0.0pt)
* modes: 
* h-part:(L,W,R)=(72.26999pt, 469.75502pt, 72.26999pt)
* v-part:(T,H,B)=(72.26999pt, 650.43001pt, 72.26999pt)
* \paperwidth=614.295pt
* \paperheight=794.96999pt
* \textwidth=469.75502pt
* \textheight=650.43001pt
* \oddsidemargin=0.0pt
* \evensidemargin=0.0pt
* \topmargin=-37.0pt
* \headheight=12.0pt
* \headsep=25.0pt
* \topskip=10.0pt
* \footskip=30.0pt
* \marginparwidth=65.0pt
* \marginparsep=11.0pt
* \columnsep=10.0pt
* \skip\footins=9.0pt plus 4.0pt minus 2.0pt
* \hoffset=0.0pt
* \voffset=0.0pt
* \mag=1000
* \@twocolumnfalse
* \@twosidefalse
* \@mparswitchfalse
* \@reversemarginfalse
* (1in=72.27pt=25.4mm, 1cm=28.453pt)

Package hyperref Info: Link coloring OFF on input line 132.
LaTeX Font Info:    Font shape `TU/latinmodern-math.otf(1)/m/n' will be
(Font)              scaled to size 12.0pt on input line 134.
LaTeX Font Info:    Font shape `TU/latinmodern-math.otf(1)/m/n' will be
(Font)              scaled to size 8.0pt on input line 134.
LaTeX Font Info:    Font shape `TU/latinmodern-math.otf(1)/m/n' will be
(Font)              scaled to size 6.0pt on input line 134.
LaTeX Font Info:    Trying to load font information for OML+lmm on input line 134.
(c:/Users/Maximilius/AppData/Roaming/TinyTeX/texmf-dist/tex/latex/lm/omllmm.fd
File: omllmm.fd 2015/05/01 v1.6.1 Font defs for Latin Modern
)
LaTeX Font Info:    Font shape `TU/latinmodern-math.otf(2)/m/n' will be
(Font)              scaled to size 12.0011pt on input line 134.
LaTeX Font Info:    Font shape `TU/latinmodern-math.otf(2)/m/n' will be
(Font)              scaled to size 8.00073pt on input line 134.
LaTeX Font Info:    Font shape `TU/latinmodern-math.otf(2)/m/n' will be
(Font)              scaled to size 6.00055pt on input line 134.
LaTeX Font Info:    Font shape `TU/latinmodern-math.otf(3)/m/n' will be
(Font)              scaled to size 11.99872pt on input line 134.
LaTeX Font Info:    Font shape `TU/latinmodern-math.otf(3)/m/n' will be
(Font)              scaled to size 7.99915pt on input line 134.
LaTeX Font Info:    Font shape `TU/latinmodern-math.otf(3)/m/n' will be
(Font)              scaled to size 5.99936pt on input line 134.
LaTeX Font Info:    Trying to load font information for U+msa on input line 134.
(c:/Users/Maximilius/AppData/Roaming/TinyTeX/texmf-dist/tex/latex/amsfonts/umsa.fd
File: umsa.fd 2013/01/14 v3.01 AMS symbols A
)
LaTeX Font Info:    Trying to load font information for U+msb on input line 134.
(c:/Users/Maximilius/AppData/Roaming/TinyTeX/texmf-dist/tex/latex/amsfonts/umsb.fd
File: umsb.fd 2013/01/14 v3.01 AMS symbols B
) (./QuranAnalytics.toc
LaTeX Font Info:    Font shape `TU/latinmodern-math.otf(1)/m/n' will be
(Font)              scaled to size 7.0pt on input line 6.
LaTeX Font Info:    Font shape `TU/latinmodern-math.otf(1)/m/n' will be
(Font)              scaled to size 5.0pt on input line 6.
LaTeX Font Info:    Font shape `TU/latinmodern-math.otf(2)/m/n' will be
(Font)              scaled to size 10.00092pt on input line 6.
LaTeX Font Info:    Font shape `TU/latinmodern-math.otf(2)/m/n' will be
(Font)              scaled to size 7.00064pt on input line 6.
LaTeX Font Info:    Font shape `TU/latinmodern-math.otf(2)/m/n' will be
(Font)              scaled to size 5.00046pt on input line 6.
LaTeX Font Info:    Font shape `TU/latinmodern-math.otf(3)/m/n' will be
(Font)              scaled to size 9.99893pt on input line 6.
LaTeX Font Info:    Font shape `TU/latinmodern-math.otf(3)/m/n' will be
(Font)              scaled to size 6.99925pt on input line 6.
LaTeX Font Info:    Font shape `TU/latinmodern-math.otf(3)/m/n' will be
(Font)              scaled to size 4.99947pt on input line 6.
[1

] [2] [3])
\tf@toc=\write4
\openout4 = `QuranAnalytics.toc'.

[4]
File: 00-index_files/figure-latex/unnamed-chunk-2-1.pdf Graphic file (type pdf)
<use 00-index_files/figure-latex/unnamed-chunk-2-1.pdf>
[5]
File: 00-index_files/figure-latex/unnamed-chunk-3-1.pdf Graphic file (type pdf)
<use 00-index_files/figure-latex/unnamed-chunk-3-1.pdf>
[6]
File: 00-index_files/figure-latex/unnamed-chunk-4-1.pdf Graphic file (type pdf)
<use 00-index_files/figure-latex/unnamed-chunk-4-1.pdf>
[7] [8]
File: 01-Ch1Introduction_files/figure-latex/ch1fig1-1.pdf Graphic file (type pdf)
<use 01-Ch1Introduction_files/figure-latex/ch1fig1-1.pdf>
[9] [10] [11] [12] [13] [14] [15] [16] [17] [18] [19] [20]
LaTeX Font Info:    Font shape `TU/lmtt/bx/n' in size <8> not available
(Font)              Font shape `TU/lmtt/b/n' tried instead on input line 555.
[21]
LaTeX Font Info:    Font shape `TU/lmtt/bx/n' in size <10> not available
(Font)              Font shape `TU/lmtt/b/n' tried instead on input line 601.
File: 03-Ch2WordFrequency_files/figure-latex/ch2fig201-1.pdf Graphic file (type pdf)
<use 03-Ch2WordFrequency_files/figure-latex/ch2fig201-1.pdf>
File: 03-Ch2WordFrequency_files/figure-latex/ch2fig202-1.pdf Graphic file (type pdf)
<use 03-Ch2WordFrequency_files/figure-latex/ch2fig202-1.pdf>
File: 03-Ch2WordFrequency_files/figure-latex/ch2fig203-1.pdf Graphic file (type pdf)
<use 03-Ch2WordFrequency_files/figure-latex/ch2fig203-1.pdf>
[22] [23] [24]
File: 03-Ch2WordFrequency_files/figure-latex/ch2fig204-1.pdf Graphic file (type pdf)
<use 03-Ch2WordFrequency_files/figure-latex/ch2fig204-1.pdf>
File: 03-Ch2WordFrequency_files/figure-latex/ch2fig205-1.pdf Graphic file (type pdf)
<use 03-Ch2WordFrequency_files/figure-latex/ch2fig205-1.pdf>
File: 03-Ch2WordFrequency_files/figure-latex/ch2fig206-1.pdf Graphic file (type pdf)
<use 03-Ch2WordFrequency_files/figure-latex/ch2fig206-1.pdf>
File: 03-Ch2WordFrequency_files/figure-latex/ch2fig207-1.pdf Graphic file (type pdf)
<use 03-Ch2WordFrequency_files/figure-latex/ch2fig207-1.pdf>
File: 03-Ch2WordFrequency_files/figure-latex/ch2fig208-1.pdf Graphic file (type pdf)
<use 03-Ch2WordFrequency_files/figure-latex/ch2fig208-1.pdf>
File: 03-Ch2WordFrequency_files/figure-latex/ch2fig209-1.pdf Graphic file (type pdf)
<use 03-Ch2WordFrequency_files/figure-latex/ch2fig209-1.pdf>
File: 03-Ch2WordFrequency_files/figure-latex/ch2fig210-1.pdf Graphic file (type pdf)
<use 03-Ch2WordFrequency_files/figure-latex/ch2fig210-1.pdf>
File: 03-Ch2WordFrequency_files/figure-latex/ch2fig211-1.pdf Graphic file (type pdf)
<use 03-Ch2WordFrequency_files/figure-latex/ch2fig211-1.pdf>
File: 03-Ch2WordFrequency_files/figure-latex/ch2fig212-1.pdf Graphic file (type pdf)
<use 03-Ch2WordFrequency_files/figure-latex/ch2fig212-1.pdf>
[25] [26] [27] [28] [29]
File: 03-Ch2WordFrequency_files/figure-latex/ch2fig213-1.pdf Graphic file (type pdf)
<use 03-Ch2WordFrequency_files/figure-latex/ch2fig213-1.pdf>
[30] [31]
File: 03-Ch2WordFrequency_files/figure-latex/ch2fig214-1.pdf Graphic file (type pdf)
<use 03-Ch2WordFrequency_files/figure-latex/ch2fig214-1.pdf>
File: 03-Ch2WordFrequency_files/figure-latex/ch2fig215-1.pdf Graphic file (type pdf)
<use 03-Ch2WordFrequency_files/figure-latex/ch2fig215-1.pdf>
File: 03-Ch2WordFrequency_files/figure-latex/ch2fig216-1.pdf Graphic file (type pdf)
<use 03-Ch2WordFrequency_files/figure-latex/ch2fig216-1.pdf>
File: 03-Ch2WordFrequency_files/figure-latex/ch2fig217-1.pdf Graphic file (type pdf)
<use 03-Ch2WordFrequency_files/figure-latex/ch2fig217-1.pdf>
File: 03-Ch2WordFrequency_files/figure-latex/ch2fig218-1.pdf Graphic file (type pdf)
<use 03-Ch2WordFrequency_files/figure-latex/ch2fig218-1.pdf>
File: 03-Ch2WordFrequency_files/figure-latex/ch2fig219-1.pdf Graphic file (type pdf)
<use 03-Ch2WordFrequency_files/figure-latex/ch2fig219-1.pdf>
File: 03-Ch2WordFrequency_files/figure-latex/ch2fig220-1.pdf Graphic file (type pdf)
<use 03-Ch2WordFrequency_files/figure-latex/ch2fig220-1.pdf>
File: 03-Ch2WordFrequency_files/figure-latex/ch2fig221-1.pdf Graphic file (type pdf)
<use 03-Ch2WordFrequency_files/figure-latex/ch2fig221-1.pdf>
File: 03-Ch2WordFrequency_files/figure-latex/ch2fig222-1.pdf Graphic file (type pdf)
<use 03-Ch2WordFrequency_files/figure-latex/ch2fig222-1.pdf>
File: 03-Ch2WordFrequency_files/figure-latex/ch2fig223-1.pdf Graphic file (type pdf)
<use 03-Ch2WordFrequency_files/figure-latex/ch2fig223-1.pdf>
[32] [33] [34] [35] [36] [37]
File: 03-Ch2WordFrequency_files/figure-latex/ch2fig224-1.pdf Graphic file (type pdf)
<use 03-Ch2WordFrequency_files/figure-latex/ch2fig224-1.pdf>
[38]
File: 03-Ch2WordFrequency_files/figure-latex/ch2fig225-1.pdf Graphic file (type pdf)
<use 03-Ch2WordFrequency_files/figure-latex/ch2fig225-1.pdf>
[39]
File: 03-Ch2WordFrequency_files/figure-latex/ch2fig226-1.pdf Graphic file (type pdf)
<use 03-Ch2WordFrequency_files/figure-latex/ch2fig226-1.pdf>
[40] [41] [42] [43] [44]
File: 04-Ch3WordScoring_files/figure-latex/ch3fig301-1.pdf Graphic file (type pdf)
<use 04-Ch3WordScoring_files/figure-latex/ch3fig301-1.pdf>
[45] [46]
File: 04-Ch3WordScoring_files/figure-latex/ch3fig302-1.pdf Graphic file (type pdf)
<use 04-Ch3WordScoring_files/figure-latex/ch3fig302-1.pdf>
File: 04-Ch3WordScoring_files/figure-latex/ch3fig303-1.pdf Graphic file (type pdf)
<use 04-Ch3WordScoring_files/figure-latex/ch3fig303-1.pdf>
File: 04-Ch3WordScoring_files/figure-latex/ch3fig304-1.pdf Graphic file (type pdf)
<use 04-Ch3WordScoring_files/figure-latex/ch3fig304-1.pdf>
[47] [48]
File: 04-Ch3WordScoring_files/figure-latex/ch3fig305-1.pdf Graphic file (type pdf)
<use 04-Ch3WordScoring_files/figure-latex/ch3fig305-1.pdf>
File: 04-Ch3WordScoring_files/figure-latex/ch3fig306-1.pdf Graphic file (type pdf)
<use 04-Ch3WordScoring_files/figure-latex/ch3fig306-1.pdf>
[49] [50]
File: 04-Ch3WordScoring_files/figure-latex/ch3fig307-1.pdf Graphic file (type pdf)
<use 04-Ch3WordScoring_files/figure-latex/ch3fig307-1.pdf>
[51]
File: 04-Ch3WordScoring_files/figure-latex/ch3fig308-1.pdf Graphic file (type pdf)
<use 04-Ch3WordScoring_files/figure-latex/ch3fig308-1.pdf>
File: 04-Ch3WordScoring_files/figure-latex/ch3fig309-1.pdf Graphic file (type pdf)
<use 04-Ch3WordScoring_files/figure-latex/ch3fig309-1.pdf>
[52] [53] [54]
File: 04-Ch3WordScoring_files/figure-latex/ch3fig310-1.pdf Graphic file (type pdf)
<use 04-Ch3WordScoring_files/figure-latex/ch3fig310-1.pdf>
File: 04-Ch3WordScoring_files/figure-latex/ch3fig311-1.pdf Graphic file (type pdf)
<use 04-Ch3WordScoring_files/figure-latex/ch3fig311-1.pdf>
[55] [56] [57] [58] [59]
File: 06-Ch4WordLocCollCooc_files/figure-latex/ch4fig401-1.pdf Graphic file (type pdf)
<use 06-Ch4WordLocCollCooc_files/figure-latex/ch4fig401-1.pdf>
File: 06-Ch4WordLocCollCooc_files/figure-latex/ch4fig402-1.pdf Graphic file (type pdf)
<use 06-Ch4WordLocCollCooc_files/figure-latex/ch4fig402-1.pdf>
[60]
File: 06-Ch4WordLocCollCooc_files/figure-latex/ch4fig403-1.pdf Graphic file (type pdf)
<use 06-Ch4WordLocCollCooc_files/figure-latex/ch4fig403-1.pdf>
File: 06-Ch4WordLocCollCooc_files/figure-latex/ch4fig404-1.pdf Graphic file (type pdf)
<use 06-Ch4WordLocCollCooc_files/figure-latex/ch4fig404-1.pdf>
[61] [62]
File: 06-Ch4WordLocCollCooc_files/figure-latex/ch4fig405-1.pdf Graphic file (type pdf)
<use 06-Ch4WordLocCollCooc_files/figure-latex/ch4fig405-1.pdf>
[63]
File: 06-Ch4WordLocCollCooc_files/figure-latex/ch4fig406-1.pdf Graphic file (type pdf)
<use 06-Ch4WordLocCollCooc_files/figure-latex/ch4fig406-1.pdf>
[64]
Overfull \hbox (5.72699pt too wide) in paragraph at lines 2134--2135
[]\TU/lmr/m/n/10 We start with loading the \TU/lmr/m/it/10 udpipe \TU/lmr/m/n/10 language model for the English language, using the \TU/lmr/m/it/10 udpipe_download_model()
 []

[65]
File: 06-Ch4WordLocCollCooc_files/figure-latex/ch4fig407-1.pdf Graphic file (type pdf)
<use 06-Ch4WordLocCollCooc_files/figure-latex/ch4fig407-1.pdf>
File: 06-Ch4WordLocCollCooc_files/figure-latex/ch4fig408-1.pdf Graphic file (type pdf)
<use 06-Ch4WordLocCollCooc_files/figure-latex/ch4fig408-1.pdf>
[66]
File: 06-Ch4WordLocCollCooc_files/figure-latex/ch4fig409-1.pdf Graphic file (type pdf)
<use 06-Ch4WordLocCollCooc_files/figure-latex/ch4fig409-1.pdf>
File: 06-Ch4WordLocCollCooc_files/figure-latex/ch4fig410-1.pdf Graphic file (type pdf)
<use 06-Ch4WordLocCollCooc_files/figure-latex/ch4fig410-1.pdf>
File: 06-Ch4WordLocCollCooc_files/figure-latex/ch4fig411-1.pdf Graphic file (type pdf)
<use 06-Ch4WordLocCollCooc_files/figure-latex/ch4fig411-1.pdf>
[67] [68]
File: 06-Ch4WordLocCollCooc_files/figure-latex/ch4fig412-1.pdf Graphic file (type pdf)
<use 06-Ch4WordLocCollCooc_files/figure-latex/ch4fig412-1.pdf>
[69] [70]
File: 06-Ch4WordLocCollCooc_files/figure-latex/ch4fig413-1.pdf Graphic file (type pdf)
<use 06-Ch4WordLocCollCooc_files/figure-latex/ch4fig413-1.pdf>
LaTeX Font Info:    Font shape `TU/lmtt/bx/n' in size <7> not available
(Font)              Font shape `TU/lmtt/b/n' tried instead on input line 2386.
File: 06-Ch4WordLocCollCooc_files/figure-latex/ch4fig414-1.pdf Graphic file (type pdf)
<use 06-Ch4WordLocCollCooc_files/figure-latex/ch4fig414-1.pdf>
[71] [72]
File: 06-Ch4WordLocCollCooc_files/figure-latex/ch4fig415-1.pdf Graphic file (type pdf)
<use 06-Ch4WordLocCollCooc_files/figure-latex/ch4fig415-1.pdf>
[73]
File: 06-Ch4WordLocCollCooc_files/figure-latex/ch4fig416-1.pdf Graphic file (type pdf)
<use 06-Ch4WordLocCollCooc_files/figure-latex/ch4fig416-1.pdf>
[74]
File: 06-Ch4WordLocCollCooc_files/figure-latex/ch4fig417-1.pdf Graphic file (type pdf)
<use 06-Ch4WordLocCollCooc_files/figure-latex/ch4fig417-1.pdf>
File: 06-Ch4WordLocCollCooc_files/figure-latex/ch4fig418-1.pdf Graphic file (type pdf)
<use 06-Ch4WordLocCollCooc_files/figure-latex/ch4fig418-1.pdf>
File: 06-Ch4WordLocCollCooc_files/figure-latex/ch4fig419-1.pdf Graphic file (type pdf)
<use 06-Ch4WordLocCollCooc_files/figure-latex/ch4fig419-1.pdf>
[75] [76] [77] [78] [79]
File: 07-Ch5WordLocStatAnal_files/figure-latex/ch5fig501-1.pdf Graphic file (type pdf)
<use 07-Ch5WordLocStatAnal_files/figure-latex/ch5fig501-1.pdf>
File: 07-Ch5WordLocStatAnal_files/figure-latex/ch5fig502-1.pdf Graphic file (type pdf)
<use 07-Ch5WordLocStatAnal_files/figure-latex/ch5fig502-1.pdf>
File: 07-Ch5WordLocStatAnal_files/figure-latex/ch5fig503-1.pdf Graphic file (type pdf)
<use 07-Ch5WordLocStatAnal_files/figure-latex/ch5fig503-1.pdf>
File: 07-Ch5WordLocStatAnal_files/figure-latex/ch5fig504-1.pdf Graphic file (type pdf)
<use 07-Ch5WordLocStatAnal_files/figure-latex/ch5fig504-1.pdf>
[80] [81] [82]
File: 07-Ch5WordLocStatAnal_files/figure-latex/ch5fig505-1.pdf Graphic file (type pdf)
<use 07-Ch5WordLocStatAnal_files/figure-latex/ch5fig505-1.pdf>
File: 07-Ch5WordLocStatAnal_files/figure-latex/ch5fig506-1.pdf Graphic file (type pdf)
<use 07-Ch5WordLocStatAnal_files/figure-latex/ch5fig506-1.pdf>
File: 07-Ch5WordLocStatAnal_files/figure-latex/ch5fig507-1.pdf Graphic file (type pdf)
<use 07-Ch5WordLocStatAnal_files/figure-latex/ch5fig507-1.pdf>
File: 07-Ch5WordLocStatAnal_files/figure-latex/ch5fig508-1.pdf Graphic file (type pdf)
<use 07-Ch5WordLocStatAnal_files/figure-latex/ch5fig508-1.pdf>
[83] [84] [85]
File: 07-Ch5WordLocStatAnal_files/figure-latex/ch5fig509-1.pdf Graphic file (type pdf)
<use 07-Ch5WordLocStatAnal_files/figure-latex/ch5fig509-1.pdf>
[86]
File: 07-Ch5WordLocStatAnal_files/figure-latex/ch5fig510-1.pdf Graphic file (type pdf)
<use 07-Ch5WordLocStatAnal_files/figure-latex/ch5fig510-1.pdf>
File: 07-Ch5WordLocStatAnal_files/figure-latex/ch5fig511-1.pdf Graphic file (type pdf)
<use 07-Ch5WordLocStatAnal_files/figure-latex/ch5fig511-1.pdf>
[87]
File: 07-Ch5WordLocStatAnal_files/figure-latex/ch5fig512-1.pdf Graphic file (type pdf)
<use 07-Ch5WordLocStatAnal_files/figure-latex/ch5fig512-1.pdf>
File: 07-Ch5WordLocStatAnal_files/figure-latex/ch5fig513-1.pdf Graphic file (type pdf)
<use 07-Ch5WordLocStatAnal_files/figure-latex/ch5fig513-1.pdf>
File: 07-Ch5WordLocStatAnal_files/figure-latex/ch5fig514-1.pdf Graphic file (type pdf)
<use 07-Ch5WordLocStatAnal_files/figure-latex/ch5fig514-1.pdf>
[88] [89]
File: 07-Ch5WordLocStatAnal_files/figure-latex/ch5fig515-1.pdf Graphic file (type pdf)
<use 07-Ch5WordLocStatAnal_files/figure-latex/ch5fig515-1.pdf>
File: 07-Ch5WordLocStatAnal_files/figure-latex/ch5fig516-1.pdf Graphic file (type pdf)
<use 07-Ch5WordLocStatAnal_files/figure-latex/ch5fig516-1.pdf>
File: 07-Ch5WordLocStatAnal_files/figure-latex/ch5fig517-1.pdf Graphic file (type pdf)
<use 07-Ch5WordLocStatAnal_files/figure-latex/ch5fig517-1.pdf>
File: 07-Ch5WordLocStatAnal_files/figure-latex/ch5fig518-1.pdf Graphic file (type pdf)
<use 07-Ch5WordLocStatAnal_files/figure-latex/ch5fig518-1.pdf>
[90] [91] [92]
File: 07-Ch5WordLocStatAnal_files/figure-latex/ch5fig519-1.pdf Graphic file (type pdf)
<use 07-Ch5WordLocStatAnal_files/figure-latex/ch5fig519-1.pdf>
[93]
File: 07-Ch5WordLocStatAnal_files/figure-latex/ch5tut1-1.pdf Graphic file (type pdf)
<use 07-Ch5WordLocStatAnal_files/figure-latex/ch5tut1-1.pdf>
[94] [95]
File: 07-Ch5WordLocStatAnal_files/figure-latex/ch5tut2-1.pdf Graphic file (type pdf)
<use 07-Ch5WordLocStatAnal_files/figure-latex/ch5tut2-1.pdf>
[96]
File: 07-Ch5WordLocStatAnal_files/figure-latex/ch5tut3-1.pdf Graphic file (type pdf)
<use 07-Ch5WordLocStatAnal_files/figure-latex/ch5tut3-1.pdf>
File: 07-Ch5WordLocStatAnal_files/figure-latex/ch5tut4-1.pdf Graphic file (type pdf)
<use 07-Ch5WordLocStatAnal_files/figure-latex/ch5tut4-1.pdf>
File: 07-Ch5WordLocStatAnal_files/figure-latex/ch5tut5-1.pdf Graphic file (type pdf)
<use 07-Ch5WordLocStatAnal_files/figure-latex/ch5tut5-1.pdf>
[97] [98]
File: 07-Ch5WordLocStatAnal_files/figure-latex/ch5tut6-1.pdf Graphic file (type pdf)
<use 07-Ch5WordLocStatAnal_files/figure-latex/ch5tut6-1.pdf>
File: 07-Ch5WordLocStatAnal_files/figure-latex/ch5tut7-1.pdf Graphic file (type pdf)
<use 07-Ch5WordLocStatAnal_files/figure-latex/ch5tut7-1.pdf>
File: 07-Ch5WordLocStatAnal_files/figure-latex/ch5tut8-1.pdf Graphic file (type pdf)
<use 07-Ch5WordLocStatAnal_files/figure-latex/ch5tut8-1.pdf>
[99]
File: 07-Ch5WordLocStatAnal_files/figure-latex/ch5tut9-1.pdf Graphic file (type pdf)
<use 07-Ch5WordLocStatAnal_files/figure-latex/ch5tut9-1.pdf>
File: 07-Ch5WordLocStatAnal_files/figure-latex/ch5tut10-1.pdf Graphic file (type pdf)
<use 07-Ch5WordLocStatAnal_files/figure-latex/ch5tut10-1.pdf>
[100]
File: 07-Ch5WordLocStatAnal_files/figure-latex/ch5tut11-1.pdf Graphic file (type pdf)
<use 07-Ch5WordLocStatAnal_files/figure-latex/ch5tut11-1.pdf>
File: 07-Ch5WordLocStatAnal_files/figure-latex/ch5tut12-1.pdf Graphic file (type pdf)
<use 07-Ch5WordLocStatAnal_files/figure-latex/ch5tut12-1.pdf>
[101]
File: 07-Ch5WordLocStatAnal_files/figure-latex/ch5tut13-1.pdf Graphic file (type pdf)
<use 07-Ch5WordLocStatAnal_files/figure-latex/ch5tut13-1.pdf>
File: 07-Ch5WordLocStatAnal_files/figure-latex/ch5tut14-1.pdf Graphic file (type pdf)
<use 07-Ch5WordLocStatAnal_files/figure-latex/ch5tut14-1.pdf>
[102]
File: 07-Ch5WordLocStatAnal_files/figure-latex/ch5tut15-1.pdf Graphic file (type pdf)
<use 07-Ch5WordLocStatAnal_files/figure-latex/ch5tut15-1.pdf>
File: 07-Ch5WordLocStatAnal_files/figure-latex/ch5tut16-1.pdf Graphic file (type pdf)
<use 07-Ch5WordLocStatAnal_files/figure-latex/ch5tut16-1.pdf>
[103]
File: 07-Ch5WordLocStatAnal_files/figure-latex/ch5tut17-1.pdf Graphic file (type pdf)
<use 07-Ch5WordLocStatAnal_files/figure-latex/ch5tut17-1.pdf>
File: 07-Ch5WordLocStatAnal_files/figure-latex/ch5tut17-2.pdf Graphic file (type pdf)
<use 07-Ch5WordLocStatAnal_files/figure-latex/ch5tut17-2.pdf>
[104] [105]
File: 07-Ch5WordLocStatAnal_files/figure-latex/ch5tut18-1.pdf Graphic file (type pdf)
<use 07-Ch5WordLocStatAnal_files/figure-latex/ch5tut18-1.pdf>
File: 07-Ch5WordLocStatAnal_files/figure-latex/ch5tut19-1.pdf Graphic file (type pdf)
<use 07-Ch5WordLocStatAnal_files/figure-latex/ch5tut19-1.pdf>
File: 07-Ch5WordLocStatAnal_files/figure-latex/ch5tut20-1.pdf Graphic file (type pdf)
<use 07-Ch5WordLocStatAnal_files/figure-latex/ch5tut20-1.pdf>
[106]
File: 07-Ch5WordLocStatAnal_files/figure-latex/ch5tut21-1.pdf Graphic file (type pdf)
<use 07-Ch5WordLocStatAnal_files/figure-latex/ch5tut21-1.pdf>
File: 07-Ch5WordLocStatAnal_files/figure-latex/ch5tut22-1.pdf Graphic file (type pdf)
<use 07-Ch5WordLocStatAnal_files/figure-latex/ch5tut22-1.pdf>
File: 07-Ch5WordLocStatAnal_files/figure-latex/ch5tut23-1.pdf Graphic file (type pdf)
<use 07-Ch5WordLocStatAnal_files/figure-latex/ch5tut23-1.pdf>
[107] [108]
File: 07-Ch5WordLocStatAnal_files/figure-latex/ch5tut24-1.pdf Graphic file (type pdf)
<use 07-Ch5WordLocStatAnal_files/figure-latex/ch5tut24-1.pdf>
[109]
File: 07-Ch5WordLocStatAnal_files/figure-latex/ch5tut25-1.pdf Graphic file (type pdf)
<use 07-Ch5WordLocStatAnal_files/figure-latex/ch5tut25-1.pdf>
File: 07-Ch5WordLocStatAnal_files/figure-latex/ch5tut26-1.pdf Graphic file (type pdf)
<use 07-Ch5WordLocStatAnal_files/figure-latex/ch5tut26-1.pdf>
File: 07-Ch5WordLocStatAnal_files/figure-latex/ch5tut27-1.pdf Graphic file (type pdf)
<use 07-Ch5WordLocStatAnal_files/figure-latex/ch5tut27-1.pdf>
[110] [111]
File: 07-Ch5WordLocStatAnal_files/figure-latex/ch5tut28-1.pdf Graphic file (type pdf)
<use 07-Ch5WordLocStatAnal_files/figure-latex/ch5tut28-1.pdf>
[112]
File: 07-Ch5WordLocStatAnal_files/figure-latex/ch5tut29-1.pdf Graphic file (type pdf)
<use 07-Ch5WordLocStatAnal_files/figure-latex/ch5tut29-1.pdf>
File: 07-Ch5WordLocStatAnal_files/figure-latex/ch5tut30-1.pdf Graphic file (type pdf)
<use 07-Ch5WordLocStatAnal_files/figure-latex/ch5tut30-1.pdf>
[113]
File: 07-Ch5WordLocStatAnal_files/figure-latex/ch5tut31-1.pdf Graphic file (type pdf)
<use 07-Ch5WordLocStatAnal_files/figure-latex/ch5tut31-1.pdf>
File: 07-Ch5WordLocStatAnal_files/figure-latex/ch5tut32-1.pdf Graphic file (type pdf)
<use 07-Ch5WordLocStatAnal_files/figure-latex/ch5tut32-1.pdf>
File: 07-Ch5WordLocStatAnal_files/figure-latex/ch5tut33-1.pdf Graphic file (type pdf)
<use 07-Ch5WordLocStatAnal_files/figure-latex/ch5tut33-1.pdf>

Underfull \hbox (badness 2359) in paragraph at lines 4246--4248
[]\TU/lmr/m/n/10 We can use geom_edge_link() for straight edges, geom_edge_arc() for curved ones, and
 []

[114] [115]
File: 07-Ch5WordLocStatAnal_files/figure-latex/ch5tut34-1.pdf Graphic file (type pdf)
<use 07-Ch5WordLocStatAnal_files/figure-latex/ch5tut34-1.pdf>
File: 07-Ch5WordLocStatAnal_files/figure-latex/ch5tut35-1.pdf Graphic file (type pdf)
<use 07-Ch5WordLocStatAnal_files/figure-latex/ch5tut35-1.pdf>
[116] [117]
File: 07-Ch5WordLocStatAnal_files/figure-latex/ch5tut36-1.pdf Graphic file (type pdf)
<use 07-Ch5WordLocStatAnal_files/figure-latex/ch5tut36-1.pdf>
[118]
File: 07-Ch5WordLocStatAnal_files/figure-latex/ch5tut37-1.pdf Graphic file (type pdf)
<use 07-Ch5WordLocStatAnal_files/figure-latex/ch5tut37-1.pdf>
File: 07-Ch5WordLocStatAnal_files/figure-latex/ch5tut38-1.pdf Graphic file (type pdf)
<use 07-Ch5WordLocStatAnal_files/figure-latex/ch5tut38-1.pdf>
[119]
File: 07-Ch5WordLocStatAnal_files/figure-latex/ch5tut39-1.pdf Graphic file (type pdf)
<use 07-Ch5WordLocStatAnal_files/figure-latex/ch5tut39-1.pdf>
File: 07-Ch5WordLocStatAnal_files/figure-latex/ch5tut40-1.pdf Graphic file (type pdf)
<use 07-Ch5WordLocStatAnal_files/figure-latex/ch5tut40-1.pdf>
[120] [121]
File: 07-Ch5WordLocStatAnal_files/figure-latex/ch5tut41-1.pdf Graphic file (type pdf)
<use 07-Ch5WordLocStatAnal_files/figure-latex/ch5tut41-1.pdf>
File: 07-Ch5WordLocStatAnal_files/figure-latex/ch5tut42-1.pdf Graphic file (type pdf)
<use 07-Ch5WordLocStatAnal_files/figure-latex/ch5tut42-1.pdf>
[122]
File: 07-Ch5WordLocStatAnal_files/figure-latex/ch5tut43-1.pdf Graphic file (type pdf)
<use 07-Ch5WordLocStatAnal_files/figure-latex/ch5tut43-1.pdf>
File: 07-Ch5WordLocStatAnal_files/figure-latex/ch5tut44-1.pdf Graphic file (type pdf)
<use 07-Ch5WordLocStatAnal_files/figure-latex/ch5tut44-1.pdf>
File: 07-Ch5WordLocStatAnal_files/figure-latex/ch5tut45-1.pdf Graphic file (type pdf)
<use 07-Ch5WordLocStatAnal_files/figure-latex/ch5tut45-1.pdf>
[123] [124]
File: 07-Ch5WordLocStatAnal_files/figure-latex/ch5tut46-1.pdf Graphic file (type pdf)
<use 07-Ch5WordLocStatAnal_files/figure-latex/ch5tut46-1.pdf>
File: 07-Ch5WordLocStatAnal_files/figure-latex/ch5tut47-1.pdf Graphic file (type pdf)
<use 07-Ch5WordLocStatAnal_files/figure-latex/ch5tut47-1.pdf>
[125] [126]
File: 07-Ch5WordLocStatAnal_files/figure-latex/ch5tut48-1.pdf Graphic file (type pdf)
<use 07-Ch5WordLocStatAnal_files/figure-latex/ch5tut48-1.pdf>
File: 07-Ch5WordLocStatAnal_files/figure-latex/ch5tut49-1.pdf Graphic file (type pdf)
<use 07-Ch5WordLocStatAnal_files/figure-latex/ch5tut49-1.pdf>
File: 07-Ch5WordLocStatAnal_files/figure-latex/ch5tut50-1.pdf Graphic file (type pdf)
<use 07-Ch5WordLocStatAnal_files/figure-latex/ch5tut50-1.pdf>
[127] [128]
File: 07-Ch5WordLocStatAnal_files/figure-latex/ch5tut51-1.pdf Graphic file (type pdf)
<use 07-Ch5WordLocStatAnal_files/figure-latex/ch5tut51-1.pdf>
[129]
File: 07-Ch5WordLocStatAnal_files/figure-latex/ch5tut52-1.pdf Graphic file (type pdf)
<use 07-Ch5WordLocStatAnal_files/figure-latex/ch5tut52-1.pdf>
[130] [131]
File: 08-Ch6WordLocNetAnal_files/figure-latex/ch6fig601-1.pdf Graphic file (type pdf)
<use 08-Ch6WordLocNetAnal_files/figure-latex/ch6fig601-1.pdf>
[132]
File: 08-Ch6WordLocNetAnal_files/figure-latex/ch6fig602-1.pdf Graphic file (type pdf)
<use 08-Ch6WordLocNetAnal_files/figure-latex/ch6fig602-1.pdf>
[133]
File: 08-Ch6WordLocNetAnal_files/figure-latex/ch6fig603-1.pdf Graphic file (type pdf)
<use 08-Ch6WordLocNetAnal_files/figure-latex/ch6fig603-1.pdf>
[134]
File: 08-Ch6WordLocNetAnal_files/figure-latex/ch6fig604-1.pdf Graphic file (type pdf)
<use 08-Ch6WordLocNetAnal_files/figure-latex/ch6fig604-1.pdf>
[135]
File: 08-Ch6WordLocNetAnal_files/figure-latex/ch6fig605-1.pdf Graphic file (type pdf)
<use 08-Ch6WordLocNetAnal_files/figure-latex/ch6fig605-1.pdf>

Overfull \vbox (0.2518pt too high) detected at line 5183
 []

[136]
File: 08-Ch6WordLocNetAnal_files/figure-latex/ch6fig606-1.pdf Graphic file (type pdf)
<use 08-Ch6WordLocNetAnal_files/figure-latex/ch6fig606-1.pdf>
File: 08-Ch6WordLocNetAnal_files/figure-latex/ch6fig607-1.pdf Graphic file (type pdf)
<use 08-Ch6WordLocNetAnal_files/figure-latex/ch6fig607-1.pdf>
File: 08-Ch6WordLocNetAnal_files/figure-latex/ch6fig608-1.pdf Graphic file (type pdf)
<use 08-Ch6WordLocNetAnal_files/figure-latex/ch6fig608-1.pdf>
[137] [138] [139]
File: 08-Ch6WordLocNetAnal_files/figure-latex/ch6fig609-1.pdf Graphic file (type pdf)
<use 08-Ch6WordLocNetAnal_files/figure-latex/ch6fig609-1.pdf>
[140] [141]
File: 08-Ch6WordLocNetAnal_files/figure-latex/ch6fig610-1.pdf Graphic file (type pdf)
<use 08-Ch6WordLocNetAnal_files/figure-latex/ch6fig610-1.pdf>
[142]
File: 08-Ch6WordLocNetAnal_files/figure-latex/ch6fig611-1.pdf Graphic file (type pdf)
<use 08-Ch6WordLocNetAnal_files/figure-latex/ch6fig611-1.pdf>
File: 08-Ch6WordLocNetAnal_files/figure-latex/ch6fig612-1.pdf Graphic file (type pdf)
<use 08-Ch6WordLocNetAnal_files/figure-latex/ch6fig612-1.pdf>
[143] [144]
File: 08-Ch6WordLocNetAnal_files/figure-latex/ch6fig613-1.pdf Graphic file (type pdf)
<use 08-Ch6WordLocNetAnal_files/figure-latex/ch6fig613-1.pdf>
File: 08-Ch6WordLocNetAnal_files/figure-latex/ch6fig614-1.pdf Graphic file (type pdf)
<use 08-Ch6WordLocNetAnal_files/figure-latex/ch6fig614-1.pdf>
File: 08-Ch6WordLocNetAnal_files/figure-latex/ch6fig615-1.pdf Graphic file (type pdf)
<use 08-Ch6WordLocNetAnal_files/figure-latex/ch6fig615-1.pdf>
File: 08-Ch6WordLocNetAnal_files/figure-latex/ch6fig616-1.pdf Graphic file (type pdf)
<use 08-Ch6WordLocNetAnal_files/figure-latex/ch6fig616-1.pdf>
File: 08-Ch6WordLocNetAnal_files/figure-latex/ch6fig617-1.pdf Graphic file (type pdf)
<use 08-Ch6WordLocNetAnal_files/figure-latex/ch6fig617-1.pdf>
[145] [146] [147] [148] [149] [150]
File: 08-Ch6WordLocNetAnal_files/figure-latex/ch6fig618-1.pdf Graphic file (type pdf)
<use 08-Ch6WordLocNetAnal_files/figure-latex/ch6fig618-1.pdf>
File: 08-Ch6WordLocNetAnal_files/figure-latex/ch6fig619-1.pdf Graphic file (type pdf)
<use 08-Ch6WordLocNetAnal_files/figure-latex/ch6fig619-1.pdf>
File: 08-Ch6WordLocNetAnal_files/figure-latex/ch6fig620-1.pdf Graphic file (type pdf)
<use 08-Ch6WordLocNetAnal_files/figure-latex/ch6fig620-1.pdf>
File: 08-Ch6WordLocNetAnal_files/figure-latex/ch6fig621-1.pdf Graphic file (type pdf)
<use 08-Ch6WordLocNetAnal_files/figure-latex/ch6fig621-1.pdf>
[151] [152]
File: 08-Ch6WordLocNetAnal_files/figure-latex/ch6fig622-1.pdf Graphic file (type pdf)
<use 08-Ch6WordLocNetAnal_files/figure-latex/ch6fig622-1.pdf>
[153]
File: 08-Ch6WordLocNetAnal_files/figure-latex/ch6fig623-1.pdf Graphic file (type pdf)
<use 08-Ch6WordLocNetAnal_files/figure-latex/ch6fig623-1.pdf>
File: 08-Ch6WordLocNetAnal_files/figure-latex/ch6fig624-1.pdf Graphic file (type pdf)
<use 08-Ch6WordLocNetAnal_files/figure-latex/ch6fig624-1.pdf>
[154]
File: 08-Ch6WordLocNetAnal_files/figure-latex/ch6fig625-1.pdf Graphic file (type pdf)
<use 08-Ch6WordLocNetAnal_files/figure-latex/ch6fig625-1.pdf>
[155]
File: 08-Ch6WordLocNetAnal_files/figure-latex/ch6fig626-1.pdf Graphic file (type pdf)
<use 08-Ch6WordLocNetAnal_files/figure-latex/ch6fig626-1.pdf>
File: 08-Ch6WordLocNetAnal_files/figure-latex/ch6fig627-1.pdf Graphic file (type pdf)
<use 08-Ch6WordLocNetAnal_files/figure-latex/ch6fig627-1.pdf>
File: 08-Ch6WordLocNetAnal_files/figure-latex/ch6fig628-1.pdf Graphic file (type pdf)
<use 08-Ch6WordLocNetAnal_files/figure-latex/ch6fig628-1.pdf>
File: 08-Ch6WordLocNetAnal_files/figure-latex/ch6fig629-1.pdf Graphic file (type pdf)
<use 08-Ch6WordLocNetAnal_files/figure-latex/ch6fig629-1.pdf>
File: 08-Ch6WordLocNetAnal_files/figure-latex/ch6fig630-1.pdf Graphic file (type pdf)
<use 08-Ch6WordLocNetAnal_files/figure-latex/ch6fig630-1.pdf>
[156] [157] [158]
File: 08-Ch6WordLocNetAnal_files/figure-latex/ch6fig631-1.pdf Graphic file (type pdf)
<use 08-Ch6WordLocNetAnal_files/figure-latex/ch6fig631-1.pdf>
File: 08-Ch6WordLocNetAnal_files/figure-latex/ch6fig632-1.pdf Graphic file (type pdf)
<use 08-Ch6WordLocNetAnal_files/figure-latex/ch6fig632-1.pdf>
[159] [160] [161]
File: 08-Ch6WordLocNetAnal_files/figure-latex/ch6fig633-1.pdf Graphic file (type pdf)
<use 08-Ch6WordLocNetAnal_files/figure-latex/ch6fig633-1.pdf>
[162]
File: 08-Ch6WordLocNetAnal_files/figure-latex/ch6fig634-1.pdf Graphic file (type pdf)
<use 08-Ch6WordLocNetAnal_files/figure-latex/ch6fig634-1.pdf>
File: 08-Ch6WordLocNetAnal_files/figure-latex/ch6fig635-1.pdf Graphic file (type pdf)
<use 08-Ch6WordLocNetAnal_files/figure-latex/ch6fig635-1.pdf>
[163] [164]
File: 08-Ch6WordLocNetAnal_files/figure-latex/ch6fig636-1.pdf Graphic file (type pdf)
<use 08-Ch6WordLocNetAnal_files/figure-latex/ch6fig636-1.pdf>
File: 08-Ch6WordLocNetAnal_files/figure-latex/ch6fig637-1.pdf Graphic file (type pdf)
<use 08-Ch6WordLocNetAnal_files/figure-latex/ch6fig637-1.pdf>
File: 08-Ch6WordLocNetAnal_files/figure-latex/ch6fig638-1.pdf Graphic file (type pdf)
<use 08-Ch6WordLocNetAnal_files/figure-latex/ch6fig638-1.pdf>
File: 08-Ch6WordLocNetAnal_files/figure-latex/ch6fig639-1.pdf Graphic file (type pdf)
<use 08-Ch6WordLocNetAnal_files/figure-latex/ch6fig639-1.pdf>
File: 08-Ch6WordLocNetAnal_files/figure-latex/ch6fig640-1.pdf Graphic file (type pdf)
<use 08-Ch6WordLocNetAnal_files/figure-latex/ch6fig640-1.pdf>
File: 08-Ch6WordLocNetAnal_files/figure-latex/ch6fig641-1.pdf Graphic file (type pdf)
<use 08-Ch6WordLocNetAnal_files/figure-latex/ch6fig641-1.pdf>
File: 08-Ch6WordLocNetAnal_files/figure-latex/ch6fig642-1.pdf Graphic file (type pdf)
<use 08-Ch6WordLocNetAnal_files/figure-latex/ch6fig642-1.pdf>
File: 08-Ch6WordLocNetAnal_files/figure-latex/ch6fig643-1.pdf Graphic file (type pdf)
<use 08-Ch6WordLocNetAnal_files/figure-latex/ch6fig643-1.pdf>
[165] [166] [167] [168]
Underfull \hbox (badness 10000) in paragraph at lines 6616--6618

 []

[169]
Underfull \hbox (badness 10000) in paragraph at lines 6637--6639

 []


Underfull \hbox (badness 10000) in paragraph at lines 6643--6645

 []


Underfull \hbox (badness 10000) in paragraph at lines 6645--6647

 []


Underfull \hbox (badness 10000) in paragraph at lines 6657--6658

 []


Underfull \hbox (badness 10000) in paragraph at lines 6674--6676

 []


Underfull \hbox (badness 10000) in paragraph at lines 6680--6682

 []


Underfull \hbox (badness 10000) in paragraph at lines 6695--6697

 []


Underfull \hbox (badness 10000) in paragraph at lines 6697--6699

 []


Underfull \hbox (badness 10000) in paragraph at lines 6707--6709

 []


Underfull \hbox (badness 10000) in paragraph at lines 6709--6710

 []

[170] [171] [172] [173]
Underfull \hbox (badness 1590) in paragraph at lines 6837--6838
\TU/lmr/m/n/10 include \TU/lmr/m/it/10 textmodel_wordscores()\TU/lmr/m/n/10 , \TU/lmr/m/it/10 text_model_affinity()\TU/lmr/m/n/10 , \TU/lmr/m/it/10 textmodel_svm() \TU/lmr/m/n/10 (Support Vector Machines),
 []

[174]
File: 10-Ch7TextNetAnal_files/figure-latex/ch7fig701-1.pdf Graphic file (type pdf)
<use 10-Ch7TextNetAnal_files/figure-latex/ch7fig701-1.pdf>
File: 10-Ch7TextNetAnal_files/figure-latex/ch7fig702-1.pdf Graphic file (type pdf)
<use 10-Ch7TextNetAnal_files/figure-latex/ch7fig702-1.pdf>
File: 10-Ch7TextNetAnal_files/figure-latex/ch7fig703-1.pdf Graphic file (type pdf)
<use 10-Ch7TextNetAnal_files/figure-latex/ch7fig703-1.pdf>
[175] [176]
File: 10-Ch7TextNetAnal_files/figure-latex/ch7fig704-1.pdf Graphic file (type pdf)
<use 10-Ch7TextNetAnal_files/figure-latex/ch7fig704-1.pdf>
File: 10-Ch7TextNetAnal_files/figure-latex/ch7fig705-1.pdf Graphic file (type pdf)
<use 10-Ch7TextNetAnal_files/figure-latex/ch7fig705-1.pdf>
[177] [178] [179]
File: 10-Ch7TextNetAnal_files/figure-latex/ch7fig706-1.pdf Graphic file (type pdf)
<use 10-Ch7TextNetAnal_files/figure-latex/ch7fig706-1.pdf>
[180]
File: 10-Ch7TextNetAnal_files/figure-latex/ch7fig707-1.pdf Graphic file (type pdf)
<use 10-Ch7TextNetAnal_files/figure-latex/ch7fig707-1.pdf>
[181]
File: 10-Ch7TextNetAnal_files/figure-latex/ch7fig708-1.pdf Graphic file (type pdf)
<use 10-Ch7TextNetAnal_files/figure-latex/ch7fig708-1.pdf>
File: 10-Ch7TextNetAnal_files/figure-latex/ch7fig709-1.pdf Graphic file (type pdf)
<use 10-Ch7TextNetAnal_files/figure-latex/ch7fig709-1.pdf>
File: 10-Ch7TextNetAnal_files/figure-latex/ch7fig710-1.pdf Graphic file (type pdf)
<use 10-Ch7TextNetAnal_files/figure-latex/ch7fig710-1.pdf>
File: 10-Ch7TextNetAnal_files/figure-latex/ch7fig711-1.pdf Graphic file (type pdf)
<use 10-Ch7TextNetAnal_files/figure-latex/ch7fig711-1.pdf>
[182] [183] [184] [185]
File: 10-Ch7TextNetAnal_files/figure-latex/ch7fig712-1.pdf Graphic file (type pdf)
<use 10-Ch7TextNetAnal_files/figure-latex/ch7fig712-1.pdf>
[186]
File: 10-Ch7TextNetAnal_files/figure-latex/ch7fig713-1.pdf Graphic file (type pdf)
<use 10-Ch7TextNetAnal_files/figure-latex/ch7fig713-1.pdf>
[187] [188] [189]
File: 10-Ch7TextNetAnal_files/figure-latex/ch7fig714-1.pdf Graphic file (type pdf)
<use 10-Ch7TextNetAnal_files/figure-latex/ch7fig714-1.pdf>
[190] [191]
File: 10-Ch7TextNetAnal_files/figure-latex/ch7fig715-1.pdf Graphic file (type pdf)
<use 10-Ch7TextNetAnal_files/figure-latex/ch7fig715-1.pdf>
File: 10-Ch7TextNetAnal_files/figure-latex/ch7fig716-1.pdf Graphic file (type pdf)
<use 10-Ch7TextNetAnal_files/figure-latex/ch7fig716-1.pdf>
[192]
File: 10-Ch7TextNetAnal_files/figure-latex/ch7fig717-1.pdf Graphic file (type pdf)
<use 10-Ch7TextNetAnal_files/figure-latex/ch7fig717-1.pdf>
File: 10-Ch7TextNetAnal_files/figure-latex/ch7fig718-1.pdf Graphic file (type pdf)
<use 10-Ch7TextNetAnal_files/figure-latex/ch7fig718-1.pdf>
[193] [194]
File: 10-Ch7TextNetAnal_files/figure-latex/ch7fig719-1.pdf Graphic file (type pdf)
<use 10-Ch7TextNetAnal_files/figure-latex/ch7fig719-1.pdf>
File: 10-Ch7TextNetAnal_files/figure-latex/ch7fig720-1.pdf Graphic file (type pdf)
<use 10-Ch7TextNetAnal_files/figure-latex/ch7fig720-1.pdf>
File: 10-Ch7TextNetAnal_files/figure-latex/ch7fig721-1.pdf Graphic file (type pdf)
<use 10-Ch7TextNetAnal_files/figure-latex/ch7fig721-1.pdf>
File: 10-Ch7TextNetAnal_files/figure-latex/ch7fig722-1.pdf Graphic file (type pdf)
<use 10-Ch7TextNetAnal_files/figure-latex/ch7fig722-1.pdf>
[195] [196] [197]
File: 10-Ch7TextNetAnal_files/figure-latex/ch7fig723-1.pdf Graphic file (type pdf)
<use 10-Ch7TextNetAnal_files/figure-latex/ch7fig723-1.pdf>
File: 10-Ch7TextNetAnal_files/figure-latex/ch7fig724-1.pdf Graphic file (type pdf)
<use 10-Ch7TextNetAnal_files/figure-latex/ch7fig724-1.pdf>
[198] [199] [200]
File: 11-Ch8TextClassModels_files/figure-latex/ch8fig801-1.pdf Graphic file (type pdf)
<use 11-Ch8TextClassModels_files/figure-latex/ch8fig801-1.pdf>

Underfull \hbox (badness 1881) in paragraph at lines 7874--7875
[]\TU/lmr/m/n/10 a \TU/lmr/m/it/10 corpus \TU/lmr/m/n/10 is a collection of ordered $[]$ \TU/lmr/m/it/10 document\TU/lmr/m/n/10 , consisting of ordered \TU/lmr/m/it/10 word\TU/lmr/m/n/10 , denoted by
 []

[201] [202] [203] [204] [205] [206]
File: 11-Ch8TextClassModels_files/figure-latex/ch8fig802-1.pdf Graphic file (type pdf)
<use 11-Ch8TextClassModels_files/figure-latex/ch8fig802-1.pdf>
File: 11-Ch8TextClassModels_files/figure-latex/ch8fig803-1.pdf Graphic file (type pdf)
<use 11-Ch8TextClassModels_files/figure-latex/ch8fig803-1.pdf>
[207] [208]
File: 11-Ch8TextClassModels_files/figure-latex/ch8fig804-1.pdf Graphic file (type pdf)
<use 11-Ch8TextClassModels_files/figure-latex/ch8fig804-1.pdf>
[209]
File: 11-Ch8TextClassModels_files/figure-latex/ch8fig805-1.pdf Graphic file (type pdf)
<use 11-Ch8TextClassModels_files/figure-latex/ch8fig805-1.pdf>
File: 11-Ch8TextClassModels_files/figure-latex/ch8fig806-1.pdf Graphic file (type pdf)
<use 11-Ch8TextClassModels_files/figure-latex/ch8fig806-1.pdf>
File: 11-Ch8TextClassModels_files/figure-latex/ch8fig807-1.pdf Graphic file (type pdf)
<use 11-Ch8TextClassModels_files/figure-latex/ch8fig807-1.pdf>
File: 11-Ch8TextClassModels_files/figure-latex/ch8fig808-1.pdf Graphic file (type pdf)
<use 11-Ch8TextClassModels_files/figure-latex/ch8fig808-1.pdf>
File: 11-Ch8TextClassModels_files/figure-latex/ch8fig809-1.pdf Graphic file (type pdf)
<use 11-Ch8TextClassModels_files/figure-latex/ch8fig809-1.pdf>
[210] [211] [212] [213]
File: 11-Ch8TextClassModels_files/figure-latex/ch8fig810-1.pdf Graphic file (type pdf)
<use 11-Ch8TextClassModels_files/figure-latex/ch8fig810-1.pdf>
File: 11-Ch8TextClassModels_files/figure-latex/ch8fig811-1.pdf Graphic file (type pdf)
<use 11-Ch8TextClassModels_files/figure-latex/ch8fig811-1.pdf>
[214] [215] [216] [217]
File: 11-Ch8TextClassModels_files/figure-latex/ch8fig812-1.pdf Graphic file (type pdf)
<use 11-Ch8TextClassModels_files/figure-latex/ch8fig812-1.pdf>
File: 11-Ch8TextClassModels_files/figure-latex/ch8fig813-1.pdf Graphic file (type pdf)
<use 11-Ch8TextClassModels_files/figure-latex/ch8fig813-1.pdf>
[218] [219]

LaTeX Font Warning: Font shape `TU/lmtt/bx/it' in size <8> not available
(Font)              Font shape `TU/lmtt/b/sl' tried instead on input line 8662.

File: 11-Ch8TextClassModels_files/figure-latex/ch8fig814-1.pdf Graphic file (type pdf)
<use 11-Ch8TextClassModels_files/figure-latex/ch8fig814-1.pdf>
[220] [221]
File: 11-Ch8TextClassModels_files/figure-latex/ch8fig816-1.pdf Graphic file (type pdf)
<use 11-Ch8TextClassModels_files/figure-latex/ch8fig816-1.pdf>
[222]
File: 11-Ch8TextClassModels_files/figure-latex/ch8fig817-1.pdf Graphic file (type pdf)
<use 11-Ch8TextClassModels_files/figure-latex/ch8fig817-1.pdf>
[223] [224] [225] [226]
File: 12-Ch9KnowledgeGraph_files/figure-latex/ch9fig901-1.pdf Graphic file (type pdf)
<use 12-Ch9KnowledgeGraph_files/figure-latex/ch9fig901-1.pdf>
[227]
File: 12-Ch9KnowledgeGraph_files/figure-latex/ch9fig902-1.pdf Graphic file (type pdf)
<use 12-Ch9KnowledgeGraph_files/figure-latex/ch9fig902-1.pdf>
[228]
File: 12-Ch9KnowledgeGraph_files/figure-latex/ch9fig903-1.pdf Graphic file (type pdf)
<use 12-Ch9KnowledgeGraph_files/figure-latex/ch9fig903-1.pdf>
[229]
File: 12-Ch9KnowledgeGraph_files/figure-latex/ch9fig904-1.pdf Graphic file (type pdf)
<use 12-Ch9KnowledgeGraph_files/figure-latex/ch9fig904-1.pdf>
File: 12-Ch9KnowledgeGraph_files/figure-latex/ch9fig905-1.pdf Graphic file (type pdf)
<use 12-Ch9KnowledgeGraph_files/figure-latex/ch9fig905-1.pdf>
[230] [231]
File: 12-Ch9KnowledgeGraph_files/figure-latex/ch9fig906-1.pdf Graphic file (type pdf)
<use 12-Ch9KnowledgeGraph_files/figure-latex/ch9fig906-1.pdf>
File: 12-Ch9KnowledgeGraph_files/figure-latex/ch9fig907-1.pdf Graphic file (type pdf)
<use 12-Ch9KnowledgeGraph_files/figure-latex/ch9fig907-1.pdf>
[232] [233] [234]
File: 12-Ch9KnowledgeGraph_files/figure-latex/ch9fig908-1.pdf Graphic file (type pdf)
<use 12-Ch9KnowledgeGraph_files/figure-latex/ch9fig908-1.pdf>
[235] [236]
File: 12-Ch9KnowledgeGraph_files/figure-latex/ch9fig909-1.pdf Graphic file (type pdf)
<use 12-Ch9KnowledgeGraph_files/figure-latex/ch9fig909-1.pdf>
File: 12-Ch9KnowledgeGraph_files/figure-latex/ch9fig907b-1.pdf Graphic file (type pdf)
<use 12-Ch9KnowledgeGraph_files/figure-latex/ch9fig907b-1.pdf>
File: 12-Ch9KnowledgeGraph_files/figure-latex/ch9fig909b-1.pdf Graphic file (type pdf)
<use 12-Ch9KnowledgeGraph_files/figure-latex/ch9fig909b-1.pdf>
[237] [238] [239] [240]
File: 12-Ch9KnowledgeGraph_files/figure-latex/ch9fig910-1.pdf Graphic file (type pdf)
<use 12-Ch9KnowledgeGraph_files/figure-latex/ch9fig910-1.pdf>
File: 12-Ch9KnowledgeGraph_files/figure-latex/ch9fig911-1.pdf Graphic file (type pdf)
<use 12-Ch9KnowledgeGraph_files/figure-latex/ch9fig911-1.pdf>
File: 12-Ch9KnowledgeGraph_files/figure-latex/ch9fig912-1.pdf Graphic file (type pdf)
<use 12-Ch9KnowledgeGraph_files/figure-latex/ch9fig912-1.pdf>
File: 12-Ch9KnowledgeGraph_files/figure-latex/ch9fig913-1.pdf Graphic file (type pdf)
<use 12-Ch9KnowledgeGraph_files/figure-latex/ch9fig913-1.pdf>
[241] [242] [243] [244] [245] [246] [247] [248]

LaTeX Font Warning: Font shape `TU/lmtt/bx/it' in size <7> not available
(Font)              Font shape `TU/lmtt/b/sl' tried instead on input line 9568.

[249]
Underfull \vbox (badness 10000) detected at line 10077
 []


Underfull \vbox (badness 10000) detected at line 10077
 []

[250]
Underfull \vbox (badness 10000) detected at line 10077
 []


Underfull \vbox (badness 10000) detected at line 10077
 []

[251]
Underfull \vbox (badness 10000) detected at line 10077
 []


Underfull \vbox (badness 10000) detected at line 10077
 []

[252]
Underfull \vbox (badness 10000) detected at line 10077
 []


Underfull \vbox (badness 10000) detected at line 10077
 []

[253]
Underfull \vbox (badness 10000) detected at line 10077
 []


Underfull \vbox (badness 10000) detected at line 10077
 []

[254] [255] [256] [257]
No file QuranAnalytics.bbl.
[258] (./QuranAnalytics.aux)
 ***********
LaTeX2e <2023-11-01> patch level 1
L3 programming layer <2024-03-14>
 ***********

LaTeX Warning: Label(s) may have changed. Rerun to get cross-references right.

 ) 
Here is how much of TeX's memory you used:
 21131 strings out of 476759
 484557 string characters out of 5800348
 2008148 words of memory out of 5000000
 42677 multiletter control sequences out of 15000+600000
 564624 words of font info for 102 fonts, out of 8000000 for 9000
 14 hyphenation exceptions out of 8191
 90i,15n,121p,1258b,555s stack positions out of 10000i,1000n,20000p,200000b,200000s

Output written on QuranAnalytics.pdf (258 pages).
